0 info it worked if it ends with ok
1 verbose cli [ 'node', '/usr/local/bin/npm', 'run', 'dev' ]
2 info using npm@2.0.0-alpha-5
3 info using node@v0.10.29
4 verbose node symlink /usr/local/bin/node
5 verbose run-script [ 'predev', 'dev', 'postdev' ]
6 info predev my-app@
7 info dev my-app@
8 verbose unsafe-perm in lifecycle true
9 info my-app@ Failed to exec dev script
10 error my-app@ dev: `gulp`
10 error Exit status 8
11 error Failed at the my-app@ dev script.
11 error This is most likely a problem with the my-app package,
11 error not with npm itself.
11 error Tell the author that this fails on your system:
11 error     gulp
11 error You can get their info via:
11 error     npm owner ls my-app
11 error There is likely additional logging output above.
12 error System Darwin 13.1.0
13 error command "node" "/usr/local/bin/npm" "run" "dev"
14 error cwd /Users/qingqingcai/Documents/Aristo/extraction-new/relation-demo/webapp
15 error node -v v0.10.29
16 error npm -v 2.0.0-alpha-5
17 error code ELIFECYCLE
18 verbose exit [ 1, true ]
