% ("Some animals"/?x "grow" "fur" [ "in winter" ] )	"to"/EFFECT	("Some animals"/?x "keep" "" [ "warm" ] )

@prefix  rdf: <http://www.w3.org/1999/02/22-rdf-syntax-ns#> .
@prefix  rel: <http://aristo.allenai.org/rel/> .
@prefix pred: <http://aristo.allenai.org/pred/> .

# Named toplevel resources (4)

<http://aristo.allenai.org/id#sample/1_2>
	a <entity> ;
	pred:isa "\"Some animals\"" .

<http://aristo.allenai.org/id#sample/1_3>
	a <event> ;
	pred:agent <http://aristo.allenai.org/id#sample/1_2> ;
	pred:in <http://aristo.allenai.org/id#sample/1_6> ;
	pred:isa "\"grow\"" ;
	pred:object <http://aristo.allenai.org/id#sample/1_4> ;
	rel:effect <http://aristo.allenai.org/id#sample/1_8> .

<http://aristo.allenai.org/id#sample/1_4>
	a <entity> ;
	pred:isa "\"fur\"" .

<http://aristo.allenai.org/id#sample/1_6>
	pred:isa "\"winter\"" .

@prefix  rdf: <http://www.w3.org/1999/02/22-rdf-syntax-ns#> .
@prefix pred: <http://aristo.allenai.org/pred/> .

# Named toplevel resources (3)

<http://aristo.allenai.org/id#sample/1_2>
	a <entity> ;
	pred:isa "\"Some animals\"" .

<http://aristo.allenai.org/id#sample/1_8>
	a <event> ;
	pred:agent <http://aristo.allenai.org/id#sample/1_2> ;
	pred:arg <http://aristo.allenai.org/id#sample/1_9> ;
	pred:isa "\"keep\"" .

<http://aristo.allenai.org/id#sample/1_9>
	pred:isa "\"warm\"" .
english(sample.rule1, "Some animals grow fur in winter to keep warm").
pretty(sample.rule1, "EFFECT(grow(Animal, Fur, in(Winter)), keep(Animal, Warm)), Animal = 'Some animals', Fur = 'fur', Winter = 'winter', Warm = 'warm'.").
sample.rule1:: isa(E3S1-grow, "grow"), agent(E3S1-grow, A2S1-animal), isa(A2S1-animal, "Some animals"), object(E3S1-grow, A4S1-fur), isa(A4S1-fur, "fur"), in(E3S1-grow, A6S1-winter), isa(A6S1-winter, "winter") -> effect(E3S1-grow, E8S1-keep), isa(E8S1-keep, "keep"), agent(E8S1-keep, A2S1-animal), arg(E8S1-keep, A9S1-warm), isa(A9S1-warm, "warm").
english(sample.rule2, "Some animals grow fur in winter to keep warm").
pretty(sample.rule2, "EFFECT(grow(Animal, Fur, in(Winter)), keep(Animal, Warm)), Animal = 'Some animals', Fur = 'fur', Winter = 'winter', Warm = 'warm'.").
sample.rule2:: isa(E8S1-keep, "keep"), agent(E8S1-keep, A2S1-animal), isa(A2S1-animal, "Some animals"), arg(E8S1-keep, A9S1-warm), isa(A9S1-warm, "warm") -> effect(E3S1-grow, E8S1-keep), isa(E3S1-grow, "grow"), agent(E3S1-grow, A2S1-animal), object(E3S1-grow, A4S1-fur), isa(A4S1-fur, "fur"), in(E3S1-grow, A6S1-winter), isa(A6S1-winter, "winter").


