% ("humans"/?x "read" "")	"necessary"/REQUIREMENT	("humans"/?x "maintain" "good health")
english(rule1, "Reading is necessary for humans to maintain good health").
rule1:: isa(E1, "read"), agent(E1, A5), isa(A5, "humans") -> requirement(E1, E7), isa(E7, "maintain"), agent(E7, A5), object(E7, A9), isa(A9, "good health").
english(rule2, "Reading is necessary for humans to maintain good health").
rule2:: isa(E7, "maintain"), agent(E7, A5), isa(A5, "humans"), object(E7, A9), isa(A9, "good health") -> requirement(E1, E7), isa(E1, "read"), agent(E1, A5).

@prefix  rdf: <http://www.w3.org/1999/02/22-rdf-syntax-ns#> .
@prefix  rel: <http://aristo.allenai.org/rel/> .
@prefix pred: <http://aristo.allenai.org/pred/> .

# Named toplevel resources (2)

<http://aristo.allenai.org/id#1.1>
	a <event> ;
	pred:agent <http://aristo.allenai.org/id#1.5> ;
	pred:isa "\"read\"" ;
	rel:requirement <http://aristo.allenai.org/id#1.7> .

<http://aristo.allenai.org/id#1.5>
	a <entity> ;
	pred:isa "\"humans\"" .

@prefix  rdf: <http://www.w3.org/1999/02/22-rdf-syntax-ns#> .
@prefix pred: <http://aristo.allenai.org/pred/> .

# Named toplevel resources (3)

<http://aristo.allenai.org/id#1.5>
	a <entity> ;
	pred:isa "\"humans\"" .

<http://aristo.allenai.org/id#1.7>
	a <event> ;
	pred:agent <http://aristo.allenai.org/id#1.5> ;
	pred:isa "\"maintain\"" ;
	pred:object <http://aristo.allenai.org/id#1.9> .

<http://aristo.allenai.org/id#1.9>
	a <entity> ;
	pred:isa "\"good health\"" .

{"class":"ExtractionRule", "antecedents": [ {"class":"ExtractionTuple", "subject": {"class":"NounPhrase", "string": [], "isInferred":true, "coreferences": [ {"class":"Coreference", "label":"x", "sourceTokens": [ {"token":"id:1.5", "text":"humans"} ]} ]}, "verbPhrase": [ {"token":"id:1.1", "text":"read"} ], "extraPhrases": []} ], "relation": {"class":"Relation", "string": [ {"token":"id:1.3", "text":"necessary"} ], "normalizedRelation":"REQUIREMENT"}, "consequents": [ {"class":"ExtractionTuple", "subject": {"class":"NounPhrase", "string": [ {"token":"id:1.5", "text":"humans"} ], "isInferred":false, "coreferences": [ {"class":"Coreference", "label":"x", "sourceTokens": [ {"token":"id:1.5", "text":"humans"} ]} ]}, "verbPhrase": [ {"token":"id:1.7", "text":"maintain"} ], "directObject": {"class":"NounPhrase", "string": [ {"token":"id:1.8", "text":"good"},  {"token":"id:1.9", "text":"health"} ], "isInferred":false, "coreferences": []}, "extraPhrases": []} ], "confidence":1.0}

