% "friction"	"caused"/CAUSE	("The heat" "produce" "the smoke")
english(rule1, "The heat that produces the smoke is caused by friction").
rule1:: isa(A10S2, "friction") -> cause(A10S2, E4S2), isa(E4S2, "produce"), agent(E4S2, A2S2), isa(A2S2, "The heat"), object(E4S2, A6S2), isa(A6S2, "the smoke").
english(rule2, "The heat that produces the smoke is caused by friction").
rule2:: isa(E4S2, "produce"), agent(E4S2, A2S2), isa(A2S2, "The heat"), object(E4S2, A6S2), isa(A6S2, "the smoke") -> cause(A10S2, E4S2), isa(A10S2, "friction").

@prefix  rdf: <http://www.w3.org/1999/02/22-rdf-syntax-ns#> .
@prefix  rel: <http://aristo.allenai.org/rel/> .
@prefix pred: <http://aristo.allenai.org/pred/> .

# Named toplevel resources (1)

<http://aristo.allenai.org/id#2.10>
	a <entity> ;
	pred:isa "\"friction\"" ;
	rel:cause <http://aristo.allenai.org/id#2.4> .

@prefix  rdf: <http://www.w3.org/1999/02/22-rdf-syntax-ns#> .
@prefix pred: <http://aristo.allenai.org/pred/> .

# Named toplevel resources (3)

<http://aristo.allenai.org/id#2.2>
	a <entity> ;
	pred:isa "\"The heat\"" .

<http://aristo.allenai.org/id#2.4>
	a <event> ;
	pred:agent <http://aristo.allenai.org/id#2.2> ;
	pred:isa "\"produce\"" ;
	pred:object <http://aristo.allenai.org/id#2.6> .

<http://aristo.allenai.org/id#2.6>
	a <entity> ;
	pred:isa "\"the smoke\"" .

{"class":"ExtractionRule", "antecedents": [ {"class":"ExtractionTuple", "subject": {"class":"NounPhrase", "string": [ {"token":"id:2.10", "text":"friction"} ], "isInferred":false, "coreferences": []}, "verbPhrase": [], "extraPhrases": []} ], "relation": {"class":"Relation", "string": [ {"token":"id:2.8", "text":"caused"} ], "normalizedRelation":"CAUSE"}, "consequents": [ {"class":"ExtractionTuple", "subject": {"class":"NounPhrase", "string": [ {"token":"id:2.1", "text":"The"},  {"token":"id:2.2", "text":"heat"} ], "isInferred":false, "coreferences": []}, "verbPhrase": [ {"token":"id:2.4", "text":"produce"} ], "directObject": {"class":"NounPhrase", "string": [ {"token":"id:2.5", "text":"the"},  {"token":"id:2.6", "text":"smoke"} ], "isInferred":false, "coreferences": []}, "extraPhrases": []} ], "confidence":1.0}

