% ("Green plants"/?x "get" "the energy")	"need to"/EFFECT	("Green plants"/?x "make" "" [ "food from water" ] )
english(rule1, "Green plants get the energy they[Green plants] need to make food from water").
rule1:: isa(E3S1, "get"), agent(E3S1, A2S1), isa(A2S1, "Green plants"), object(E3S1, A5S1), isa(A5S1, "the energy") -> effect(E3S1, E9S1), isa(E9S1, "make"), agent(E9S1, A2S1), isa(A10S1, "food from water"), arg(E9S1, A10S1).
english(rule2, "Green plants get the energy they[Green plants] need to make food from water").
rule2:: isa(E9S1, "make"), agent(E9S1, A2S1), isa(A2S1, "Green plants"), isa(A10S1, "food from water"), arg(E9S1, A10S1) -> effect(E3S1, E9S1), isa(E3S1, "get"), agent(E3S1, A2S1), object(E3S1, A5S1), isa(A5S1, "the energy").

@prefix  rdf: <http://www.w3.org/1999/02/22-rdf-syntax-ns#> .
@prefix  rel: <http://aristo.allenai.org/rel/> .
@prefix pred: <http://aristo.allenai.org/pred/> .

# Named toplevel resources (3)

<http://aristo.allenai.org/id#1.2>
	a <entity> ;
	pred:isa "\"Green plants\"" .

<http://aristo.allenai.org/id#1.3>
	a <event> ;
	pred:agent <http://aristo.allenai.org/id#1.2> ;
	pred:isa "\"get\"" ;
	pred:object <http://aristo.allenai.org/id#1.5> ;
	rel:effect <http://aristo.allenai.org/id#1.9> .

<http://aristo.allenai.org/id#1.5>
	a <entity> ;
	pred:isa "\"the energy\"" .

@prefix  rdf: <http://www.w3.org/1999/02/22-rdf-syntax-ns#> .
@prefix pred: <http://aristo.allenai.org/pred/> .

# Named toplevel resources (3)

<http://aristo.allenai.org/id#1.10>
	pred:isa "\"food from water\"" .

<http://aristo.allenai.org/id#1.2>
	a <entity> ;
	pred:isa "\"Green plants\"" .

<http://aristo.allenai.org/id#1.9>
	a <event> ;
	pred:agent <http://aristo.allenai.org/id#1.2> ;
	pred:arg <http://aristo.allenai.org/id#1.10> ;
	pred:isa "\"make\"" .

{"class":"ExtractionRule", "antecedents": [ {"class":"ExtractionTuple", "subject": {"class":"NounPhrase", "string": [ {"token":"id:1.1", "text":"Green"},  {"token":"id:1.2", "text":"plants"} ], "isInferred":false, "coreferences": [ {"class":"Coreference", "label":"x", "sourceTokens": [ {"token":"id:1.1", "text":"Green"},  {"token":"id:1.2", "text":"plants"} ]} ]}, "verbPhrase": [ {"token":"id:1.3", "text":"get"} ], "directObject": {"class":"NounPhrase", "string": [ {"token":"id:1.4", "text":"the"},  {"token":"id:1.5", "text":"energy"} ], "isInferred":false, "coreferences": []}, "extraPhrases": []} ], "relation": {"class":"Relation", "string": [ {"token":"id:1.7", "text":"need"},  {"token":"id:1.8", "text":"to"} ], "normalizedRelation":"EFFECT"}, "consequents": [ {"class":"ExtractionTuple", "subject": {"class":"NounPhrase", "string": [ {"token":"id:1.1", "text":"Green"},  {"token":"id:1.2", "text":"plants"} ], "isInferred":false, "coreferences": [ {"class":"Coreference", "label":"x", "sourceTokens": [ {"token":"id:1.1", "text":"Green"},  {"token":"id:1.2", "text":"plants"} ]} ]}, "verbPhrase": [ {"token":"id:1.9", "text":"make"} ], "extraPhrases": [ [ {"token":"id:1.10", "text":"food"},  {"token":"id:1.11", "text":"from"},  {"token":"id:1.12", "text":"water"} ] ]} ], "confidence":1.0}

