% ("An owl"/?x "eat" "a mouse")	""/EFFECT	("An owl"/?x "prepare" "" [ "for a seasonal change in the environment" ] )
english(rule1, "An owl eating a mouse is preparing for a seasonal change in the environment").
rule1:: isa(E3, "eat"), agent(E3, A2), isa(A2, "An owl"), object(E3, A5), isa(A5, "a mouse") -> effect(E3, E7), isa(E7, "prepare"), agent(E7, A2), for(E7, "a seasonal change in the environment").
english(rule2, "An owl eating a mouse is preparing for a seasonal change in the environment").
rule2:: isa(E7, "prepare"), agent(E7, A2), isa(A2, "An owl"), for(E7, "a seasonal change in the environment") -> effect(E3, E7), isa(E3, "eat"), agent(E3, A2), object(E3, A5), isa(A5, "a mouse").

@prefix  rdf: <http://www.w3.org/1999/02/22-rdf-syntax-ns#> .
@prefix  rel: <http://aristo.allenai.org/rel/> .
@prefix pred: <http://aristo.allenai.org/pred/> .

# Named toplevel resources (3)

<http://aristo.allenai.org/id#1.2>
	a <entity> ;
	pred:isa "\"An owl\"" .

<http://aristo.allenai.org/id#1.3>
	a <event> ;
	pred:agent <http://aristo.allenai.org/id#1.2> ;
	pred:isa "\"eat\"" ;
	pred:object <http://aristo.allenai.org/id#1.5> ;
	rel:effect <http://aristo.allenai.org/id#1.7> .

<http://aristo.allenai.org/id#1.5>
	a <entity> ;
	pred:isa "\"a mouse\"" .

@prefix  rdf: <http://www.w3.org/1999/02/22-rdf-syntax-ns#> .
@prefix pred: <http://aristo.allenai.org/pred/> .

# Named toplevel resources (2)

<http://aristo.allenai.org/id#1.2>
	a <entity> ;
	pred:isa "\"An owl\"" .

<http://aristo.allenai.org/id#1.7>
	a <event> ;
	pred:agent <http://aristo.allenai.org/id#1.2> ;
	pred:for "\"a seasonal change in the environment\"" ;
	pred:isa "\"prepare\"" .

