% ("A student"/?x "use" "pan balance")	"to"/EFFECT	("A student"/?x "measure" "10 milliliters of water")
english(rule1, "A student should use pan balance to measure exactly 10 milliliters mL of water").
rule1:: isa(E4S1, "use"), agent(E4S1, A2S1), isa(A2S1, "A student"), object(E4S1, A6S1), isa(A6S1, "pan balance") -> effect(E4S1, E8S1), isa(E8S1, "measure"), agent(E8S1, A2S1), object(E8S1, A11S1), isa(A11S1, "10 milliliters of water").
english(rule2, "A student should use pan balance to measure exactly 10 milliliters mL of water").
rule2:: isa(E8S1, "measure"), agent(E8S1, A2S1), isa(A2S1, "A student"), object(E8S1, A11S1), isa(A11S1, "10 milliliters of water") -> effect(E4S1, E8S1), isa(E4S1, "use"), agent(E4S1, A2S1), object(E4S1, A6S1), isa(A6S1, "pan balance").

@prefix  rdf: <http://www.w3.org/1999/02/22-rdf-syntax-ns#> .
@prefix  rel: <http://aristo.allenai.org/rel/> .
@prefix pred: <http://aristo.allenai.org/pred/> .

# Named toplevel resources (3)

<http://aristo.allenai.org/id#1.2>
	a <entity> ;
	pred:isa "\"A student\"" .

<http://aristo.allenai.org/id#1.4>
	a <event> ;
	pred:agent <http://aristo.allenai.org/id#1.2> ;
	pred:isa "\"use\"" ;
	pred:object <http://aristo.allenai.org/id#1.6> ;
	rel:effect <http://aristo.allenai.org/id#1.8> .

<http://aristo.allenai.org/id#1.6>
	a <entity> ;
	pred:isa "\"pan balance\"" .

@prefix  rdf: <http://www.w3.org/1999/02/22-rdf-syntax-ns#> .
@prefix pred: <http://aristo.allenai.org/pred/> .

# Named toplevel resources (3)

<http://aristo.allenai.org/id#1.11>
	a <entity> ;
	pred:isa "\"10 milliliters of water\"" .

<http://aristo.allenai.org/id#1.2>
	a <entity> ;
	pred:isa "\"A student\"" .

<http://aristo.allenai.org/id#1.8>
	a <event> ;
	pred:agent <http://aristo.allenai.org/id#1.2> ;
	pred:isa "\"measure\"" ;
	pred:object <http://aristo.allenai.org/id#1.11> .

% ("A student"/?x "use" "pan balance")	"to"/EFFECT	("A student"/?x "measure" "mL")
english(rule3, "A student should use pan balance to measure exactly 10 milliliters mL of water").
rule3:: isa(E4S1, "use"), agent(E4S1, A2S1), isa(A2S1, "A student"), object(E4S1, A6S1), isa(A6S1, "pan balance") -> effect(E4S1, E8S1), isa(E8S1, "measure"), agent(E8S1, A2S1), object(E8S1, A13S1), isa(A13S1, "mL").
english(rule4, "A student should use pan balance to measure exactly 10 milliliters mL of water").
rule4:: isa(E8S1, "measure"), agent(E8S1, A2S1), isa(A2S1, "A student"), object(E8S1, A13S1), isa(A13S1, "mL") -> effect(E4S1, E8S1), isa(E4S1, "use"), agent(E4S1, A2S1), object(E4S1, A6S1), isa(A6S1, "pan balance").

@prefix  rdf: <http://www.w3.org/1999/02/22-rdf-syntax-ns#> .
@prefix  rel: <http://aristo.allenai.org/rel/> .
@prefix pred: <http://aristo.allenai.org/pred/> .

# Named toplevel resources (3)

<http://aristo.allenai.org/id#1.2>
	a <entity> ;
	pred:isa "\"A student\"" .

<http://aristo.allenai.org/id#1.4>
	a <event> ;
	pred:agent <http://aristo.allenai.org/id#1.2> ;
	pred:isa "\"use\"" ;
	pred:object <http://aristo.allenai.org/id#1.6> ;
	rel:effect <http://aristo.allenai.org/id#1.8> .

<http://aristo.allenai.org/id#1.6>
	a <entity> ;
	pred:isa "\"pan balance\"" .

@prefix  rdf: <http://www.w3.org/1999/02/22-rdf-syntax-ns#> .
@prefix pred: <http://aristo.allenai.org/pred/> .

# Named toplevel resources (3)

<http://aristo.allenai.org/id#1.13>
	a <entity> ;
	pred:isa "\"mL\"" .

<http://aristo.allenai.org/id#1.2>
	a <entity> ;
	pred:isa "\"A student\"" .

<http://aristo.allenai.org/id#1.8>
	a <event> ;
	pred:agent <http://aristo.allenai.org/id#1.2> ;
	pred:isa "\"measure\"" ;
	pred:object <http://aristo.allenai.org/id#1.13> .

{"class":"ExtractionRule", "antecedents": [ {"class":"ExtractionTuple", "subject": {"class":"NounPhrase", "string": [ {"token":"id:1.1", "text":"A"},  {"token":"id:1.2", "text":"student"} ], "isInferred":false, "coreferences": [ {"class":"Coreference", "label":"x", "sourceTokens": [ {"token":"id:1.1", "text":"A"},  {"token":"id:1.2", "text":"student"} ]} ]}, "verbPhrase": [ {"token":"id:1.4", "text":"use"} ], "directObject": {"class":"NounPhrase", "string": [ {"token":"id:1.5", "text":"pan"},  {"token":"id:1.6", "text":"balance"} ], "isInferred":false, "coreferences": []}, "extraPhrases": []} ], "relation": {"class":"Relation", "string": [ {"token":"id:1.7", "text":"to"} ], "normalizedRelation":"EFFECT"}, "consequents": [ {"class":"ExtractionTuple", "subject": {"class":"NounPhrase", "string": [ {"token":"id:1.1", "text":"A"},  {"token":"id:1.2", "text":"student"} ], "isInferred":false, "coreferences": [ {"class":"Coreference", "label":"x", "sourceTokens": [ {"token":"id:1.1", "text":"A"},  {"token":"id:1.2", "text":"student"} ]} ]}, "verbPhrase": [ {"token":"id:1.8", "text":"measure"} ], "directObject": {"class":"NounPhrase", "string": [ {"token":"id:1.10", "text":"10"},  {"token":"id:1.11", "text":"milliliters"},  {"token":"id:1.15", "text":"of"},  {"token":"id:1.16", "text":"water"} ], "isInferred":false, "coreferences": []}, "extraPhrases": []} ], "confidence":1.0}

{"class":"ExtractionRule", "antecedents": [ {"class":"ExtractionTuple", "subject": {"class":"NounPhrase", "string": [ {"token":"id:1.1", "text":"A"},  {"token":"id:1.2", "text":"student"} ], "isInferred":false, "coreferences": [ {"class":"Coreference", "label":"x", "sourceTokens": [ {"token":"id:1.1", "text":"A"},  {"token":"id:1.2", "text":"student"} ]} ]}, "verbPhrase": [ {"token":"id:1.4", "text":"use"} ], "directObject": {"class":"NounPhrase", "string": [ {"token":"id:1.5", "text":"pan"},  {"token":"id:1.6", "text":"balance"} ], "isInferred":false, "coreferences": []}, "extraPhrases": []} ], "relation": {"class":"Relation", "string": [ {"token":"id:1.7", "text":"to"} ], "normalizedRelation":"EFFECT"}, "consequents": [ {"class":"ExtractionTuple", "subject": {"class":"NounPhrase", "string": [ {"token":"id:1.1", "text":"A"},  {"token":"id:1.2", "text":"student"} ], "isInferred":false, "coreferences": [ {"class":"Coreference", "label":"x", "sourceTokens": [ {"token":"id:1.1", "text":"A"},  {"token":"id:1.2", "text":"student"} ]} ]}, "verbPhrase": [ {"token":"id:1.8", "text":"measure"} ], "directObject": {"class":"NounPhrase", "string": [ {"token":"id:1.13", "text":"mL"} ], "isInferred":false, "coreferences": []}, "extraPhrases": []} ], "confidence":1.0}

