% ("plants"/?x "prey" "help")	"When"/WHEN	("plants"/?x "die" "")
english(rule1, "When plants and animals die prey help return nutrients to the food chain").
rule1:: isa(E7S1, "prey"), agent(E7S1, A2S1), isa(A2S1, "plants"), object(E7S1, A8S1), isa(A8S1, "help") -> when(E7S1, E5S1), isa(E5S1, "die"), agent(E5S1, A2S1).
english(rule2, "When plants and animals die prey help return nutrients to the food chain").
rule2:: isa(E5S1, "die"), agent(E5S1, A2S1), isa(A2S1, "plants") -> when(E7S1, E5S1), isa(E7S1, "prey"), agent(E7S1, A2S1), object(E7S1, A8S1), isa(A8S1, "help").

@prefix  rdf: <http://www.w3.org/1999/02/22-rdf-syntax-ns#> .
@prefix  rel: <http://aristo.allenai.org/rel/> .
@prefix pred: <http://aristo.allenai.org/pred/> .

# Named toplevel resources (3)

<http://aristo.allenai.org/id#1.2>
	a <entity> ;
	pred:isa "\"plants\"" .

<http://aristo.allenai.org/id#1.7>
	a <event> ;
	pred:agent <http://aristo.allenai.org/id#1.2> ;
	pred:isa "\"prey\"" ;
	pred:object <http://aristo.allenai.org/id#1.8> ;
	rel:when <http://aristo.allenai.org/id#1.5> .

<http://aristo.allenai.org/id#1.8>
	a <entity> ;
	pred:isa "\"help\"" .

@prefix  rdf: <http://www.w3.org/1999/02/22-rdf-syntax-ns#> .
@prefix pred: <http://aristo.allenai.org/pred/> .

# Named toplevel resources (2)

<http://aristo.allenai.org/id#1.2>
	a <entity> ;
	pred:isa "\"plants\"" .

<http://aristo.allenai.org/id#1.5>
	a <event> ;
	pred:agent <http://aristo.allenai.org/id#1.2> ;
	pred:isa "\"die\"" .

% ("animals"/?x "prey" "help")	"When"/WHEN	("animals"/?x "die" "")
english(rule3, "When plants and animals die prey help return nutrients to the food chain").
rule3:: isa(E7S1, "prey"), agent(E7S1, A4S1), isa(A4S1, "animals"), object(E7S1, A8S1), isa(A8S1, "help") -> when(E7S1, E5S1), isa(E5S1, "die"), agent(E5S1, A4S1).
english(rule4, "When plants and animals die prey help return nutrients to the food chain").
rule4:: isa(E5S1, "die"), agent(E5S1, A4S1), isa(A4S1, "animals") -> when(E7S1, E5S1), isa(E7S1, "prey"), agent(E7S1, A4S1), object(E7S1, A8S1), isa(A8S1, "help").

@prefix  rdf: <http://www.w3.org/1999/02/22-rdf-syntax-ns#> .
@prefix  rel: <http://aristo.allenai.org/rel/> .
@prefix pred: <http://aristo.allenai.org/pred/> .

# Named toplevel resources (3)

<http://aristo.allenai.org/id#1.4>
	a <entity> ;
	pred:isa "\"animals\"" .

<http://aristo.allenai.org/id#1.7>
	a <event> ;
	pred:agent <http://aristo.allenai.org/id#1.4> ;
	pred:isa "\"prey\"" ;
	pred:object <http://aristo.allenai.org/id#1.8> ;
	rel:when <http://aristo.allenai.org/id#1.5> .

<http://aristo.allenai.org/id#1.8>
	a <entity> ;
	pred:isa "\"help\"" .

@prefix  rdf: <http://www.w3.org/1999/02/22-rdf-syntax-ns#> .
@prefix pred: <http://aristo.allenai.org/pred/> .

# Named toplevel resources (2)

<http://aristo.allenai.org/id#1.4>
	a <entity> ;
	pred:isa "\"animals\"" .

<http://aristo.allenai.org/id#1.5>
	a <event> ;
	pred:agent <http://aristo.allenai.org/id#1.4> ;
	pred:isa "\"die\"" .

{"class":"ExtractionRule", "antecedents": [ {"class":"ExtractionTuple", "subject": {"class":"NounPhrase", "string": [], "isInferred":true, "coreferences": [ {"class":"Coreference", "label":"x", "sourceTokens": [ {"token":"id:1.2", "text":"plants"} ]} ]}, "verbPhrase": [ {"token":"id:1.7", "text":"prey"} ], "directObject": {"class":"NounPhrase", "string": [ {"token":"id:1.8", "text":"help"} ], "isInferred":false, "coreferences": []}, "extraPhrases": []} ], "relation": {"class":"Relation", "string": [ {"token":"id:1.1", "text":"When"} ], "normalizedRelation":"WHEN"}, "consequents": [ {"class":"ExtractionTuple", "subject": {"class":"NounPhrase", "string": [ {"token":"id:1.2", "text":"plants"} ], "isInferred":false, "coreferences": [ {"class":"Coreference", "label":"x", "sourceTokens": [ {"token":"id:1.2", "text":"plants"} ]} ]}, "verbPhrase": [ {"token":"id:1.5", "text":"die"} ], "extraPhrases": []} ], "confidence":1.0}

{"class":"ExtractionRule", "antecedents": [ {"class":"ExtractionTuple", "subject": {"class":"NounPhrase", "string": [], "isInferred":true, "coreferences": [ {"class":"Coreference", "label":"x", "sourceTokens": [ {"token":"id:1.4", "text":"animals"} ]} ]}, "verbPhrase": [ {"token":"id:1.7", "text":"prey"} ], "directObject": {"class":"NounPhrase", "string": [ {"token":"id:1.8", "text":"help"} ], "isInferred":false, "coreferences": []}, "extraPhrases": []} ], "relation": {"class":"Relation", "string": [ {"token":"id:1.1", "text":"When"} ], "normalizedRelation":"WHEN"}, "consequents": [ {"class":"ExtractionTuple", "subject": {"class":"NounPhrase", "string": [ {"token":"id:1.4", "text":"animals"} ], "isInferred":false, "coreferences": [ {"class":"Coreference", "label":"x", "sourceTokens": [ {"token":"id:1.4", "text":"animals"} ]} ]}, "verbPhrase": [ {"token":"id:1.5", "text":"die"} ], "extraPhrases": []} ], "confidence":1.0}

