% ("A squirrel"/?x "store" "nuts")	""/EFFECT	("A squirrel"/?x "prepare" "" [ "for a seasonal change in the environment" ] )
english(rule1, "A squirrel storing nuts is preparing for a seasonal change in the environment").
rule1:: isa(E3S1, "store"), agent(E3S1, A2S1), isa(A2S1, "A squirrel"), object(E3S1, A4S1), isa(A4S1, "nuts") -> effect(E3S1, E6S1), isa(E6S1, "prepare"), agent(E6S1, A2S1), isa(A10S1, "a seasonal change in the environment"), for(E6S1, A10S1).
english(rule2, "A squirrel storing nuts is preparing for a seasonal change in the environment").
rule2:: isa(E6S1, "prepare"), agent(E6S1, A2S1), isa(A2S1, "A squirrel"), isa(A10S1, "a seasonal change in the environment"), for(E6S1, A10S1) -> effect(E3S1, E6S1), isa(E3S1, "store"), agent(E3S1, A2S1), object(E3S1, A4S1), isa(A4S1, "nuts").

@prefix  rdf: <http://www.w3.org/1999/02/22-rdf-syntax-ns#> .
@prefix  rel: <http://aristo.allenai.org/rel/> .
@prefix pred: <http://aristo.allenai.org/pred/> .

# Named toplevel resources (3)

<http://aristo.allenai.org/id#1.2>
	a <entity> ;
	pred:isa "\"A squirrel\"" .

<http://aristo.allenai.org/id#1.3>
	a <event> ;
	pred:agent <http://aristo.allenai.org/id#1.2> ;
	pred:isa "\"store\"" ;
	pred:object <http://aristo.allenai.org/id#1.4> ;
	rel:effect <http://aristo.allenai.org/id#1.6> .

<http://aristo.allenai.org/id#1.4>
	a <entity> ;
	pred:isa "\"nuts\"" .

@prefix  rdf: <http://www.w3.org/1999/02/22-rdf-syntax-ns#> .
@prefix pred: <http://aristo.allenai.org/pred/> .

# Named toplevel resources (3)

<http://aristo.allenai.org/id#1.10>
	pred:isa "\"a seasonal change in the environment\"" .

<http://aristo.allenai.org/id#1.2>
	a <entity> ;
	pred:isa "\"A squirrel\"" .

<http://aristo.allenai.org/id#1.6>
	a <event> ;
	pred:agent <http://aristo.allenai.org/id#1.2> ;
	pred:for <http://aristo.allenai.org/id#1.10> ;
	pred:isa "\"prepare\"" .

{"class":"ExtractionRule", "antecedents": [ {"class":"ExtractionTuple", "subject": {"class":"NounPhrase", "string": [ {"token":"id:1.1", "text":"A"},  {"token":"id:1.2", "text":"squirrel"} ], "isInferred":false, "coreferences": [ {"class":"Coreference", "label":"x", "sourceTokens": [ {"token":"id:1.1", "text":"A"},  {"token":"id:1.2", "text":"squirrel"} ]} ]}, "verbPhrase": [ {"token":"id:1.3", "text":"store"} ], "directObject": {"class":"NounPhrase", "string": [ {"token":"id:1.4", "text":"nuts"} ], "isInferred":false, "coreferences": []}, "extraPhrases": []} ], "relation": {"class":"Relation", "string": [], "normalizedRelation":"EFFECT"}, "consequents": [ {"class":"ExtractionTuple", "subject": {"class":"NounPhrase", "string": [ {"token":"id:1.1", "text":"A"},  {"token":"id:1.2", "text":"squirrel"} ], "isInferred":false, "coreferences": [ {"class":"Coreference", "label":"x", "sourceTokens": [ {"token":"id:1.1", "text":"A"},  {"token":"id:1.2", "text":"squirrel"} ]} ]}, "verbPhrase": [ {"token":"id:1.6", "text":"prepare"} ], "extraPhrases": [ [ {"token":"id:1.7", "text":"for"},  {"token":"id:1.8", "text":"a"},  {"token":"id:1.9", "text":"seasonal"},  {"token":"id:1.10", "text":"change"},  {"token":"id:1.11", "text":"in"},  {"token":"id:1.12", "text":"the"},  {"token":"id:1.13", "text":"environment"} ] ]} ], "confidence":1.0}

