% "A decomposer"	"is"/EXAMPLE	("an organism[A decomposer]" "hunt" "animals")
english(rule1, "A decomposer is an organism[A decomposer] that hunts and eats animals").
rule1:: isa(A2S1, "A decomposer") -> example(A2S1, A5S1), isa(E7S1, "hunt"), agent(E7S1, A5S1), isa(A5S1, "an organism[A decomposer]"), object(E7S1, A10S1), isa(A10S1, "animals"), isa(A2S1, A5S1).
english(rule2, "A decomposer is an organism[A decomposer] that hunts and eats animals").
rule2:: isa(E7S1, "hunt"), agent(E7S1, A5S1), isa(A5S1, "an organism[A decomposer]"), object(E7S1, A10S1), isa(A10S1, "animals") -> example(A2S1, A5S1), isa(A2S1, "A decomposer"), isa(A2S1, A5S1).

@prefix  rdf: <http://www.w3.org/1999/02/22-rdf-syntax-ns#> .
@prefix  rel: <http://aristo.allenai.org/rel/> .
@prefix pred: <http://aristo.allenai.org/pred/> .

# Named toplevel resources (1)

<http://aristo.allenai.org/id#1.2>
	a <entity> ;
	pred:isa <http://aristo.allenai.org/id#1.5> ,
		 "\"A decomposer\"" ;
	rel:example <http://aristo.allenai.org/id#1.5> .

@prefix  rdf: <http://www.w3.org/1999/02/22-rdf-syntax-ns#> .
@prefix pred: <http://aristo.allenai.org/pred/> .

# Named toplevel resources (3)

<http://aristo.allenai.org/id#1.10>
	a <entity> ;
	pred:isa "\"animals\"" .

<http://aristo.allenai.org/id#1.5>
	a <entity> ;
	pred:isa "\"an organism[A decomposer]\"" .

<http://aristo.allenai.org/id#1.7>
	a <event> ;
	pred:agent <http://aristo.allenai.org/id#1.5> ;
	pred:isa "\"hunt\"" ;
	pred:object <http://aristo.allenai.org/id#1.10> .

{"class":"ExtractionRule", "antecedents": [ {"class":"ExtractionTuple", "subject": {"class":"NounPhrase", "string": [ {"token":"id:1.1", "text":"A"},  {"token":"id:1.2", "text":"decomposer"} ], "isInferred":false, "coreferences": []}, "verbPhrase": [], "extraPhrases": []} ], "relation": {"class":"Relation", "string": [ {"token":"id:1.3", "text":"is"} ], "normalizedRelation":"EXAMPLE"}, "consequents": [ {"class":"ExtractionTuple", "subject": {"class":"NounPhrase", "string": [ {"token":"id:1.4", "text":"an"},  {"token":"id:1.5", "text":"organism[A decomposer]"} ], "isInferred":false, "coreferences": []}, "verbPhrase": [ {"token":"id:1.7", "text":"hunt"} ], "directObject": {"class":"NounPhrase", "string": [ {"token":"id:1.10", "text":"animals"} ], "isInferred":false, "coreferences": []}, "extraPhrases": []} ], "confidence":1.0}

% "A decomposer"	"is"/EXAMPLE	("an organism[A decomposer]" "eat" "")
english(rule3, "A decomposer is an organism[A decomposer] that hunts and eats animals").
rule3:: isa(A2S1, "A decomposer") -> example(A2S1, A5S1), isa(E9S1, "eat"), agent(E9S1, A5S1), isa(A5S1, "an organism[A decomposer]"), isa(A2S1, A5S1).
english(rule4, "A decomposer is an organism[A decomposer] that hunts and eats animals").
rule4:: isa(E9S1, "eat"), agent(E9S1, A5S1), isa(A5S1, "an organism[A decomposer]") -> example(A2S1, A5S1), isa(A2S1, "A decomposer"), isa(A2S1, A5S1).

@prefix  rdf: <http://www.w3.org/1999/02/22-rdf-syntax-ns#> .
@prefix  rel: <http://aristo.allenai.org/rel/> .
@prefix pred: <http://aristo.allenai.org/pred/> .

# Named toplevel resources (1)

<http://aristo.allenai.org/id#1.2>
	a <entity> ;
	pred:isa <http://aristo.allenai.org/id#1.5> ,
		 "\"A decomposer\"" ;
	rel:example <http://aristo.allenai.org/id#1.5> .

@prefix  rdf: <http://www.w3.org/1999/02/22-rdf-syntax-ns#> .
@prefix pred: <http://aristo.allenai.org/pred/> .

# Named toplevel resources (2)

<http://aristo.allenai.org/id#1.5>
	a <entity> ;
	pred:isa "\"an organism[A decomposer]\"" .

<http://aristo.allenai.org/id#1.9>
	a <event> ;
	pred:agent <http://aristo.allenai.org/id#1.5> ;
	pred:isa "\"eat\"" .

{"class":"ExtractionRule", "antecedents": [ {"class":"ExtractionTuple", "subject": {"class":"NounPhrase", "string": [ {"token":"id:1.1", "text":"A"},  {"token":"id:1.2", "text":"decomposer"} ], "isInferred":false, "coreferences": []}, "verbPhrase": [], "extraPhrases": []} ], "relation": {"class":"Relation", "string": [ {"token":"id:1.3", "text":"is"} ], "normalizedRelation":"EXAMPLE"}, "consequents": [ {"class":"ExtractionTuple", "subject": {"class":"NounPhrase", "string": [ {"token":"id:1.4", "text":"an"},  {"token":"id:1.5", "text":"organism[A decomposer]"} ], "isInferred":false, "coreferences": []}, "verbPhrase": [ {"token":"id:1.9", "text":"eat"} ], "extraPhrases": []} ], "confidence":1.0}

% "A decomposer"	"is"/EXAMPLE	"an organism[A decomposer]"
english(rule5, "A decomposer is an organism[A decomposer] that hunts and eats animals").
rule5:: isa(A2S1, "A decomposer") -> example(A2S1, A5S1), isa(A5S1, "an organism[A decomposer]").
english(rule6, "A decomposer is an organism[A decomposer] that hunts and eats animals").
rule6:: isa(A5S1, "an organism[A decomposer]") -> example(A2S1, A5S1), isa(A2S1, "A decomposer").

@prefix  rdf: <http://www.w3.org/1999/02/22-rdf-syntax-ns#> .
@prefix  rel: <http://aristo.allenai.org/rel/> .
@prefix pred: <http://aristo.allenai.org/pred/> .

# Named toplevel resources (1)

<http://aristo.allenai.org/id#1.2>
	a <entity> ;
	pred:isa "\"A decomposer\"" ;
	rel:example <http://aristo.allenai.org/id#1.5> .

@prefix  rdf: <http://www.w3.org/1999/02/22-rdf-syntax-ns#> .
@prefix pred: <http://aristo.allenai.org/pred/> .

# Named toplevel resources (1)

<http://aristo.allenai.org/id#1.5>
	a <entity> ;
	pred:isa "\"an organism[A decomposer]\"" .

{"class":"ExtractionRule", "antecedents": [ {"class":"ExtractionTuple", "subject": {"class":"NounPhrase", "string": [ {"token":"id:1.1", "text":"A"},  {"token":"id:1.2", "text":"decomposer"} ], "isInferred":false, "coreferences": []}, "verbPhrase": [], "extraPhrases": []} ], "relation": {"class":"Relation", "string": [ {"token":"id:1.3", "text":"is"} ], "normalizedRelation":"EXAMPLE"}, "consequents": [ {"class":"ExtractionTuple", "subject": {"class":"NounPhrase", "string": [ {"token":"id:1.4", "text":"an"},  {"token":"id:1.5", "text":"organism[A decomposer]"} ], "isInferred":false, "coreferences": []}, "verbPhrase": [], "extraPhrases": []} ], "confidence":1.0}

