% ("" "decrease" "the temperature")	"is way"/EFFECT	("" "change" "water" [ "from a liquid", "to a solid" ] )
english(rule1, "Decreasing the temperature is one way to change water from a liquid to a solid").
rule1:: isa(E1, "decrease"), object(E1, A3), isa(A3, "the temperature") -> effect(E1, E8), isa(E8, "change"), object(E8, A9), isa(A9, "water"), from(E8, "a liquid"), to(E8, "a solid").
english(rule2, "Decreasing the temperature is one way to change water from a liquid to a solid").
rule2:: isa(E8, "change"), object(E8, A9), isa(A9, "water"), from(E8, "a liquid"), to(E8, "a solid") -> effect(E1, E8), isa(E1, "decrease"), object(E1, A3), isa(A3, "the temperature").

@prefix  rdf: <http://www.w3.org/1999/02/22-rdf-syntax-ns#> .
@prefix  rel: <http://aristo.allenai.org/rel/> .
@prefix pred: <http://aristo.allenai.org/pred/> .

# Named toplevel resources (2)

<http://aristo.allenai.org/id#1.1>
	a <event> ;
	pred:isa "\"decrease\"" ;
	pred:object <http://aristo.allenai.org/id#1.3> ;
	rel:effect <http://aristo.allenai.org/id#1.8> .

<http://aristo.allenai.org/id#1.3>
	a <entity> ;
	pred:isa "\"the temperature\"" .

@prefix  rdf: <http://www.w3.org/1999/02/22-rdf-syntax-ns#> .
@prefix pred: <http://aristo.allenai.org/pred/> .

# Named toplevel resources (2)

<http://aristo.allenai.org/id#1.8>
	a <event> ;
	pred:from "\"a liquid\"" ;
	pred:isa "\"change\"" ;
	pred:object <http://aristo.allenai.org/id#1.9> ;
	pred:to "\"a solid\"" .

<http://aristo.allenai.org/id#1.9>
	a <entity> ;
	pred:isa "\"water\"" .

