% ("Growing" "have" "a harmful effect on the environment")
english(rule1, "Growing most often has a harmful effect on the environment").
rule1:: isa(E4, "have") -> agent(E4, A1), isa(A1, "Growing"), object(E4, A7), isa(A7, "a harmful effect on the environment").
english(rule2, "Growing most often has a harmful effect on the environment").
rule2:: isa(A1, "Growing") -> isa(E4, "have"), agent(E4, A1), object(E4, A7), isa(A7, "a harmful effect on the environment").
english(rule3, "Growing most often has a harmful effect on the environment").
rule3:: isa(A7, "a harmful effect on the environment") -> isa(E4, "have"), agent(E4, A1), isa(A1, "Growing"), object(E4, A7).

@prefix  rdf: <http://www.w3.org/1999/02/22-rdf-syntax-ns#> .
@prefix pred: <http://aristo.allenai.org/pred/> .

# Named toplevel resources (3)

<http://aristo.allenai.org/id#1.1>
	a <entity> ;
	pred:isa "\"Growing\"" .

<http://aristo.allenai.org/id#1.4>
	a <event> ;
	pred:agent <http://aristo.allenai.org/id#1.1> ;
	pred:isa "\"have\"" ;
	pred:object <http://aristo.allenai.org/id#1.7> .

<http://aristo.allenai.org/id#1.7>
	a <entity> ;
	pred:isa "\"a harmful effect on the environment\"" .

{"class":"ExtractionRule", "antecedents": [ {"class":"ExtractionTuple", "subject": {"class":"NounPhrase", "string": [ {"token":"id:1.1", "text":"Growing"} ], "isInferred":false, "coreferences": []}, "verbPhrase": [ {"token":"id:1.4", "text":"have"} ], "directObject": {"class":"NounPhrase", "string": [ {"token":"id:1.5", "text":"a"},  {"token":"id:1.6", "text":"harmful"},  {"token":"id:1.7", "text":"effect"},  {"token":"id:1.8", "text":"on"},  {"token":"id:1.9", "text":"the"},  {"token":"id:1.10", "text":"environment"} ], "isInferred":false, "coreferences": []}, "extraPhrases": []} ], "consequents": [], "confidence":1.0}

