% "Friction"	"causes"/CAUSE	("a ball" "fall" "" [ "to the ground" ] )
english(rule1, "Friction causes the ball[a ball] to fall to the ground").
rule1:: isa(A1S2, "Friction") -> cause(A1S2, E6S2), isa(E6S2, "fall"), agent(E6S2, A5S1), isa(A5S1, "a ball"), isa(A9S2, "the ground"), to(E6S2, A9S2).
english(rule2, "Friction causes the ball[a ball] to fall to the ground").
rule2:: isa(E6S2, "fall"), agent(E6S2, A5S1), isa(A5S1, "a ball"), isa(A9S2, "the ground"), to(E6S2, A9S2) -> cause(A1S2, E6S2), isa(A1S2, "Friction").

@prefix  rdf: <http://www.w3.org/1999/02/22-rdf-syntax-ns#> .
@prefix  rel: <http://aristo.allenai.org/rel/> .
@prefix pred: <http://aristo.allenai.org/pred/> .

# Named toplevel resources (1)

<http://aristo.allenai.org/id#2.1>
	a <entity> ;
	pred:isa "\"Friction\"" ;
	rel:cause <http://aristo.allenai.org/id#2.6> .

@prefix  rdf: <http://www.w3.org/1999/02/22-rdf-syntax-ns#> .
@prefix pred: <http://aristo.allenai.org/pred/> .

# Named toplevel resources (3)

<http://aristo.allenai.org/id#1.5>
	a <entity> ;
	pred:isa "\"a ball\"" .

<http://aristo.allenai.org/id#2.6>
	a <event> ;
	pred:agent <http://aristo.allenai.org/id#1.5> ;
	pred:isa "\"fall\"" ;
	pred:to <http://aristo.allenai.org/id#2.9> .

<http://aristo.allenai.org/id#2.9>
	pred:isa "\"the ground\"" .

{"class":"ExtractionRule", "antecedents": [ {"class":"ExtractionTuple", "subject": {"class":"NounPhrase", "string": [ {"token":"id:2.1", "text":"Friction"} ], "isInferred":false, "coreferences": []}, "verbPhrase": [], "extraPhrases": []} ], "relation": {"class":"Relation", "string": [ {"token":"id:2.2", "text":"causes"} ], "normalizedRelation":"CAUSE"}, "consequents": [ {"class":"ExtractionTuple", "subject": {"class":"NounPhrase", "string": [ {"token":"id:1.4", "text":"a"},  {"token":"id:1.5", "text":"ball"} ], "isInferred":false, "coreferences": []}, "verbPhrase": [ {"token":"id:2.6", "text":"fall"} ], "extraPhrases": [ [ {"token":"id:2.7", "text":"to"},  {"token":"id:2.8", "text":"the"},  {"token":"id:2.9", "text":"ground"} ] ]} ], "confidence":1.0}

