% "Coloration"	"helps"/PURPOSE	("an animal" "attract" "a mate")
english(rule1, "Coloration often helps an animal attract a mate").
rule1:: isa(A1S1, "Coloration") -> purpose(A1S1, E6S1), isa(E6S1, "attract"), agent(E6S1, A5S1), isa(A5S1, "an animal"), object(E6S1, A8S1), isa(A8S1, "a mate").
english(rule2, "Coloration often helps an animal attract a mate").
rule2:: isa(E6S1, "attract"), agent(E6S1, A5S1), isa(A5S1, "an animal"), object(E6S1, A8S1), isa(A8S1, "a mate") -> purpose(A1S1, E6S1), isa(A1S1, "Coloration").

@prefix  rdf: <http://www.w3.org/1999/02/22-rdf-syntax-ns#> .
@prefix  rel: <http://aristo.allenai.org/rel/> .
@prefix pred: <http://aristo.allenai.org/pred/> .

# Named toplevel resources (1)

<http://aristo.allenai.org/id#1.1>
	a <entity> ;
	pred:isa "\"Coloration\"" ;
	rel:purpose <http://aristo.allenai.org/id#1.6> .

@prefix  rdf: <http://www.w3.org/1999/02/22-rdf-syntax-ns#> .
@prefix pred: <http://aristo.allenai.org/pred/> .

# Named toplevel resources (3)

<http://aristo.allenai.org/id#1.5>
	a <entity> ;
	pred:isa "\"an animal\"" .

<http://aristo.allenai.org/id#1.6>
	a <event> ;
	pred:agent <http://aristo.allenai.org/id#1.5> ;
	pred:isa "\"attract\"" ;
	pred:object <http://aristo.allenai.org/id#1.8> .

<http://aristo.allenai.org/id#1.8>
	a <entity> ;
	pred:isa "\"a mate\"" .

{"class":"ExtractionRule", "antecedents": [ {"class":"ExtractionTuple", "subject": {"class":"NounPhrase", "string": [ {"token":"id:1.1", "text":"Coloration"} ], "isInferred":false, "coreferences": []}, "verbPhrase": [], "extraPhrases": []} ], "relation": {"class":"Relation", "string": [ {"token":"id:1.3", "text":"helps"} ], "normalizedRelation":"PURPOSE"}, "consequents": [ {"class":"ExtractionTuple", "subject": {"class":"NounPhrase", "string": [ {"token":"id:1.4", "text":"an"},  {"token":"id:1.5", "text":"animal"} ], "isInferred":false, "coreferences": []}, "verbPhrase": [ {"token":"id:1.6", "text":"attract"} ], "directObject": {"class":"NounPhrase", "string": [ {"token":"id:1.7", "text":"a"},  {"token":"id:1.8", "text":"mate"} ], "isInferred":false, "coreferences": []}, "extraPhrases": []} ], "confidence":1.0}

