% "Gravity"	"is"/EXAMPLE	"the main source of energy for the water cycle"
english(rule1, "Gravity is the main source of energy for the water cycle").
rule1:: isa(A1S1, "Gravity") -> example(A1S1, A5S1), isa(A5S1, "the main source of energy for the water cycle").
english(rule2, "Gravity is the main source of energy for the water cycle").
rule2:: isa(A5S1, "the main source of energy for the water cycle") -> example(A1S1, A5S1), isa(A1S1, "Gravity").

@prefix  rdf: <http://www.w3.org/1999/02/22-rdf-syntax-ns#> .
@prefix  rel: <http://aristo.allenai.org/rel/> .
@prefix pred: <http://aristo.allenai.org/pred/> .

# Named toplevel resources (1)

<http://aristo.allenai.org/id#1.1>
	a <entity> ;
	pred:isa "\"Gravity\"" ;
	rel:example <http://aristo.allenai.org/id#1.5> .

@prefix  rdf: <http://www.w3.org/1999/02/22-rdf-syntax-ns#> .
@prefix pred: <http://aristo.allenai.org/pred/> .

# Named toplevel resources (1)

<http://aristo.allenai.org/id#1.5>
	a <entity> ;
	pred:isa "\"the main source of energy for the water cycle\"" .

{"class":"ExtractionRule", "antecedents": [ {"class":"ExtractionTuple", "subject": {"class":"NounPhrase", "string": [ {"token":"id:1.1", "text":"Gravity"} ], "isInferred":false, "coreferences": []}, "verbPhrase": [], "extraPhrases": []} ], "relation": {"class":"Relation", "string": [ {"token":"id:1.2", "text":"is"} ], "normalizedRelation":"EXAMPLE"}, "consequents": [ {"class":"ExtractionTuple", "subject": {"class":"NounPhrase", "string": [ {"token":"id:1.3", "text":"the"},  {"token":"id:1.4", "text":"main"},  {"token":"id:1.5", "text":"source"},  {"token":"id:1.6", "text":"of"},  {"token":"id:1.7", "text":"energy"},  {"token":"id:1.8", "text":"for"},  {"token":"id:1.9", "text":"the"},  {"token":"id:1.10", "text":"water"},  {"token":"id:1.11", "text":"cycle"} ], "isInferred":false, "coreferences": []}, "verbPhrase": [], "extraPhrases": []} ], "confidence":1.0}

