% ("an animal"/?x "migrate" "")	"helps"/PURPOSE	("an animal"/?x "attract" "a mate")
english(rule1, "Migration often helps an animal attract a mate").
rule1:: isa(E1, "migrate"), agent(E1, A5), isa(A5, "an animal") -> purpose(E1, E6), isa(E6, "attract"), agent(E6, A5), object(E6, A8), isa(A8, "a mate").
english(rule2, "Migration often helps an animal attract a mate").
rule2:: isa(E6, "attract"), agent(E6, A5), isa(A5, "an animal"), object(E6, A8), isa(A8, "a mate") -> purpose(E1, E6), isa(E1, "migrate"), agent(E1, A5).

@prefix  rdf: <http://www.w3.org/1999/02/22-rdf-syntax-ns#> .
@prefix  rel: <http://aristo.allenai.org/rel/> .
@prefix pred: <http://aristo.allenai.org/pred/> .

# Named toplevel resources (2)

<http://aristo.allenai.org/id#1.1>
	a <event> ;
	pred:agent <http://aristo.allenai.org/id#1.5> ;
	pred:isa "\"migrate\"" ;
	rel:purpose <http://aristo.allenai.org/id#1.6> .

<http://aristo.allenai.org/id#1.5>
	a <entity> ;
	pred:isa "\"an animal\"" .

@prefix  rdf: <http://www.w3.org/1999/02/22-rdf-syntax-ns#> .
@prefix pred: <http://aristo.allenai.org/pred/> .

# Named toplevel resources (3)

<http://aristo.allenai.org/id#1.5>
	a <entity> ;
	pred:isa "\"an animal\"" .

<http://aristo.allenai.org/id#1.6>
	a <event> ;
	pred:agent <http://aristo.allenai.org/id#1.5> ;
	pred:isa "\"attract\"" ;
	pred:object <http://aristo.allenai.org/id#1.8> .

<http://aristo.allenai.org/id#1.8>
	a <entity> ;
	pred:isa "\"a mate\"" .

{"class":"ExtractionRule", "antecedents": [ {"class":"ExtractionTuple", "subject": {"class":"NounPhrase", "string": [], "isInferred":true, "coreferences": [ {"class":"Coreference", "label":"x", "sourceTokens": [ {"token":"id:1.4", "text":"an"},  {"token":"id:1.5", "text":"animal"} ]} ]}, "verbPhrase": [ {"token":"id:1.1", "text":"migrate"} ], "extraPhrases": []} ], "relation": {"class":"Relation", "string": [ {"token":"id:1.3", "text":"helps"} ], "normalizedRelation":"PURPOSE"}, "consequents": [ {"class":"ExtractionTuple", "subject": {"class":"NounPhrase", "string": [ {"token":"id:1.4", "text":"an"},  {"token":"id:1.5", "text":"animal"} ], "isInferred":false, "coreferences": [ {"class":"Coreference", "label":"x", "sourceTokens": [ {"token":"id:1.4", "text":"an"},  {"token":"id:1.5", "text":"animal"} ]} ]}, "verbPhrase": [ {"token":"id:1.6", "text":"attract"} ], "directObject": {"class":"NounPhrase", "string": [ {"token":"id:1.7", "text":"a"},  {"token":"id:1.8", "text":"mate"} ], "isInferred":false, "coreferences": []}, "extraPhrases": []} ], "confidence":1.0}

