% "Watching television"	"example[Watching television] of"/EXAMPLE	"a good health habit"
english(rule1, "Watching television is an example[Watching television] of a good health habit").
rule1:: isa(A2S1, "Watching television") -> example(A2S1, A10S1), isa(A10S1, "a good health habit").
english(rule2, "Watching television is an example[Watching television] of a good health habit").
rule2:: isa(A10S1, "a good health habit") -> example(A2S1, A10S1), isa(A2S1, "Watching television").

@prefix  rdf: <http://www.w3.org/1999/02/22-rdf-syntax-ns#> .
@prefix  rel: <http://aristo.allenai.org/rel/> .
@prefix pred: <http://aristo.allenai.org/pred/> .

# Named toplevel resources (1)

<http://aristo.allenai.org/id#1.2>
	a <entity> ;
	pred:isa "\"Watching television\"" ;
	rel:example <http://aristo.allenai.org/id#1.10> .

@prefix  rdf: <http://www.w3.org/1999/02/22-rdf-syntax-ns#> .
@prefix pred: <http://aristo.allenai.org/pred/> .

# Named toplevel resources (1)

<http://aristo.allenai.org/id#1.10>
	a <entity> ;
	pred:isa "\"a good health habit\"" .

{"class":"ExtractionRule", "antecedents": [ {"class":"ExtractionTuple", "subject": {"class":"NounPhrase", "string": [ {"token":"id:1.1", "text":"Watching"},  {"token":"id:1.2", "text":"television"} ], "isInferred":false, "coreferences": []}, "verbPhrase": [], "extraPhrases": []} ], "relation": {"class":"Relation", "string": [ {"token":"id:1.5", "text":"example[Watching television]"},  {"token":"id:1.6", "text":"of"} ], "normalizedRelation":"EXAMPLE"}, "consequents": [ {"class":"ExtractionTuple", "subject": {"class":"NounPhrase", "string": [ {"token":"id:1.7", "text":"a"},  {"token":"id:1.8", "text":"good"},  {"token":"id:1.9", "text":"health"},  {"token":"id:1.10", "text":"habit"} ], "isInferred":false, "coreferences": []}, "verbPhrase": [], "extraPhrases": []} ], "confidence":1.0}

