% ("A student" "grow" "some plants" [ "for an experiment" ] )
english(rule1, "A student is growing some plants for an experiment").
rule1:: isa(E4S1, "grow") -> agent(E4S1, A2S1), isa(A2S1, "A student"), object(E4S1, A6S1), isa(A6S1, "some plants"), isa(A9S1, "an experiment"), for(E4S1, A9S1).
english(rule2, "A student is growing some plants for an experiment").
rule2:: isa(A2S1, "A student") -> isa(E4S1, "grow"), agent(E4S1, A2S1), object(E4S1, A6S1), isa(A6S1, "some plants"), isa(A9S1, "an experiment"), for(E4S1, A9S1).
english(rule3, "A student is growing some plants for an experiment").
rule3:: isa(A6S1, "some plants") -> isa(E4S1, "grow"), agent(E4S1, A2S1), isa(A2S1, "A student"), object(E4S1, A6S1), isa(A9S1, "an experiment"), for(E4S1, A9S1).
english(rule4, "A student is growing some plants for an experiment").
rule4:: isa(A9S1, "an experiment") -> isa(E4S1, "grow"), agent(E4S1, A2S1), isa(A2S1, "A student"), object(E4S1, A6S1), isa(A6S1, "some plants"), for(E4S1, A9S1).

@prefix  rdf: <http://www.w3.org/1999/02/22-rdf-syntax-ns#> .
@prefix pred: <http://aristo.allenai.org/pred/> .

# Named toplevel resources (4)

<http://aristo.allenai.org/id#1.2>
	a <entity> ;
	pred:isa "\"A student\"" .

<http://aristo.allenai.org/id#1.4>
	a <event> ;
	pred:agent <http://aristo.allenai.org/id#1.2> ;
	pred:for <http://aristo.allenai.org/id#1.9> ;
	pred:isa "\"grow\"" ;
	pred:object <http://aristo.allenai.org/id#1.6> .

<http://aristo.allenai.org/id#1.6>
	a <entity> ;
	pred:isa "\"some plants\"" .

<http://aristo.allenai.org/id#1.9>
	pred:isa "\"an experiment\"" .

{"class":"ExtractionRule", "antecedents": [ {"class":"ExtractionTuple", "subject": {"class":"NounPhrase", "string": [ {"token":"id:1.1", "text":"A"},  {"token":"id:1.2", "text":"student"} ], "isInferred":false, "coreferences": []}, "verbPhrase": [ {"token":"id:1.4", "text":"grow"} ], "directObject": {"class":"NounPhrase", "string": [ {"token":"id:1.5", "text":"some"},  {"token":"id:1.6", "text":"plants"} ], "isInferred":false, "coreferences": []}, "extraPhrases": [ [ {"token":"id:1.7", "text":"for"},  {"token":"id:1.8", "text":"an"},  {"token":"id:1.9", "text":"experiment"} ] ]} ], "consequents": [], "confidence":1.0}

% ("She" "notify" "small white spots" [ "on the leaves" ] )
english(rule5, "She notices small white spots on the leaves").
rule5:: isa(E2S2, "notify") -> agent(E2S2, A1S2), isa(A1S2, "She"), object(E2S2, A5S2), isa(A5S2, "small white spots"), isa(A8S2, "the leaves"), on(E2S2, A8S2).
english(rule6, "She notices small white spots on the leaves").
rule6:: isa(A1S2, "She") -> isa(E2S2, "notify"), agent(E2S2, A1S2), object(E2S2, A5S2), isa(A5S2, "small white spots"), isa(A8S2, "the leaves"), on(E2S2, A8S2).
english(rule7, "She notices small white spots on the leaves").
rule7:: isa(A5S2, "small white spots") -> isa(E2S2, "notify"), agent(E2S2, A1S2), isa(A1S2, "She"), object(E2S2, A5S2), isa(A8S2, "the leaves"), on(E2S2, A8S2).
english(rule8, "She notices small white spots on the leaves").
rule8:: isa(A8S2, "the leaves") -> isa(E2S2, "notify"), agent(E2S2, A1S2), isa(A1S2, "She"), object(E2S2, A5S2), isa(A5S2, "small white spots"), on(E2S2, A8S2).

@prefix  rdf: <http://www.w3.org/1999/02/22-rdf-syntax-ns#> .
@prefix pred: <http://aristo.allenai.org/pred/> .

# Named toplevel resources (4)

<http://aristo.allenai.org/id#2.1>
	a <entity> ;
	pred:isa "\"She\"" .

<http://aristo.allenai.org/id#2.2>
	a <event> ;
	pred:agent <http://aristo.allenai.org/id#2.1> ;
	pred:isa "\"notify\"" ;
	pred:object <http://aristo.allenai.org/id#2.5> ;
	pred:on <http://aristo.allenai.org/id#2.8> .

<http://aristo.allenai.org/id#2.5>
	a <entity> ;
	pred:isa "\"small white spots\"" .

<http://aristo.allenai.org/id#2.8>
	pred:isa "\"the leaves\"" .

% ("She"/?x "use" "a graduated cylinder")	"to"/EFFECT	("She"/?x "get" "a better look at the spots[small white spots]")
english(rule9, "She[She] should use a graduated cylinder to get a better look at the spots[small white spots]").
rule9:: isa(E3S3, "use"), agent(E3S3, A1S2), isa(A1S2, "She"), object(E3S3, A6S3), isa(A6S3, "a graduated cylinder") -> effect(E3S3, E8S3), isa(E8S3, "get"), agent(E8S3, A1S2), object(E8S3, A11S3), isa(A11S3, "a better look at the spots[small white spots]").
english(rule10, "She[She] should use a graduated cylinder to get a better look at the spots[small white spots]").
rule10:: isa(E8S3, "get"), agent(E8S3, A1S2), isa(A1S2, "She"), object(E8S3, A11S3), isa(A11S3, "a better look at the spots[small white spots]") -> effect(E3S3, E8S3), isa(E3S3, "use"), agent(E3S3, A1S2), object(E3S3, A6S3), isa(A6S3, "a graduated cylinder").

@prefix  rdf: <http://www.w3.org/1999/02/22-rdf-syntax-ns#> .
@prefix  rel: <http://aristo.allenai.org/rel/> .
@prefix pred: <http://aristo.allenai.org/pred/> .

# Named toplevel resources (3)

<http://aristo.allenai.org/id#2.1>
	a <entity> ;
	pred:isa "\"She\"" .

<http://aristo.allenai.org/id#3.3>
	a <event> ;
	pred:agent <http://aristo.allenai.org/id#2.1> ;
	pred:isa "\"use\"" ;
	pred:object <http://aristo.allenai.org/id#3.6> ;
	rel:effect <http://aristo.allenai.org/id#3.8> .

<http://aristo.allenai.org/id#3.6>
	a <entity> ;
	pred:isa "\"a graduated cylinder\"" .

@prefix  rdf: <http://www.w3.org/1999/02/22-rdf-syntax-ns#> .
@prefix pred: <http://aristo.allenai.org/pred/> .

# Named toplevel resources (3)

<http://aristo.allenai.org/id#2.1>
	a <entity> ;
	pred:isa "\"She\"" .

<http://aristo.allenai.org/id#3.11>
	a <entity> ;
	pred:isa "\"a better look at the spots[small white spots]\"" .

<http://aristo.allenai.org/id#3.8>
	a <event> ;
	pred:agent <http://aristo.allenai.org/id#2.1> ;
	pred:isa "\"get\"" ;
	pred:object <http://aristo.allenai.org/id#3.11> .

{"class":"ExtractionRule", "antecedents": [ {"class":"ExtractionTuple", "subject": {"class":"NounPhrase", "string": [ {"token":"id:2.1", "text":"She"} ], "isInferred":false, "coreferences": [ {"class":"Coreference", "label":"x", "sourceTokens": [ {"token":"id:2.1", "text":"She"} ]} ]}, "verbPhrase": [ {"token":"id:3.3", "text":"use"} ], "directObject": {"class":"NounPhrase", "string": [ {"token":"id:3.4", "text":"a"},  {"token":"id:3.5", "text":"graduated"},  {"token":"id:3.6", "text":"cylinder"} ], "isInferred":false, "coreferences": []}, "extraPhrases": []} ], "relation": {"class":"Relation", "string": [ {"token":"id:3.7", "text":"to"} ], "normalizedRelation":"EFFECT"}, "consequents": [ {"class":"ExtractionTuple", "subject": {"class":"NounPhrase", "string": [ {"token":"id:2.1", "text":"She"} ], "isInferred":false, "coreferences": [ {"class":"Coreference", "label":"x", "sourceTokens": [ {"token":"id:2.1", "text":"She"} ]} ]}, "verbPhrase": [ {"token":"id:3.8", "text":"get"} ], "directObject": {"class":"NounPhrase", "string": [ {"token":"id:3.9", "text":"a"},  {"token":"id:3.10", "text":"better"},  {"token":"id:3.11", "text":"look"},  {"token":"id:3.12", "text":"at"},  {"token":"id:3.13", "text":"the"},  {"token":"id:3.14", "text":"spots[small white spots]"} ], "isInferred":false, "coreferences": []}, "extraPhrases": []} ], "confidence":1.0}

