% ("A bat"/?x "fly" "A bat" [ "at night" ] )	""/EFFECT	("A bat"/?x "prepare" "" [ "for a seasonal change in the environment" ] )
english(rule1, "A bat flying at night is preparing for a seasonal change in the environment").
rule1:: isa(E3S1, "fly"), agent(E3S1, A2S1), isa(A2S1, "A bat"), object(E3S1, A2S1), isa(A5S1, "night"), at(E3S1, A5S1) -> effect(E3S1, E7S1), isa(E7S1, "prepare"), agent(E7S1, A2S1), isa(A11S1, "a seasonal change in the environment"), for(E7S1, A11S1).
english(rule2, "A bat flying at night is preparing for a seasonal change in the environment").
rule2:: isa(E7S1, "prepare"), agent(E7S1, A2S1), isa(A2S1, "A bat"), isa(A11S1, "a seasonal change in the environment"), for(E7S1, A11S1) -> effect(E3S1, E7S1), isa(E3S1, "fly"), agent(E3S1, A2S1), object(E3S1, A2S1), isa(A5S1, "night"), at(E3S1, A5S1).

@prefix  rdf: <http://www.w3.org/1999/02/22-rdf-syntax-ns#> .
@prefix  rel: <http://aristo.allenai.org/rel/> .
@prefix pred: <http://aristo.allenai.org/pred/> .

# Named toplevel resources (3)

<http://aristo.allenai.org/id#1.2>
	a <entity> ;
	pred:isa "\"A bat\"" .

<http://aristo.allenai.org/id#1.3>
	a <event> ;
	pred:agent <http://aristo.allenai.org/id#1.2> ;
	pred:at <http://aristo.allenai.org/id#1.5> ;
	pred:isa "\"fly\"" ;
	pred:object <http://aristo.allenai.org/id#1.2> ;
	rel:effect <http://aristo.allenai.org/id#1.7> .

<http://aristo.allenai.org/id#1.5>
	pred:isa "\"night\"" .

@prefix  rdf: <http://www.w3.org/1999/02/22-rdf-syntax-ns#> .
@prefix pred: <http://aristo.allenai.org/pred/> .

# Named toplevel resources (3)

<http://aristo.allenai.org/id#1.11>
	pred:isa "\"a seasonal change in the environment\"" .

<http://aristo.allenai.org/id#1.2>
	a <entity> ;
	pred:isa "\"A bat\"" .

<http://aristo.allenai.org/id#1.7>
	a <event> ;
	pred:agent <http://aristo.allenai.org/id#1.2> ;
	pred:for <http://aristo.allenai.org/id#1.11> ;
	pred:isa "\"prepare\"" .

{"class":"ExtractionRule", "antecedents": [ {"class":"ExtractionTuple", "subject": {"class":"NounPhrase", "string": [ {"token":"id:1.1", "text":"A"},  {"token":"id:1.2", "text":"bat"} ], "isInferred":false, "coreferences": [ {"class":"Coreference", "label":"x", "sourceTokens": [ {"token":"id:1.1", "text":"A"},  {"token":"id:1.2", "text":"bat"} ]} ]}, "verbPhrase": [ {"token":"id:1.3", "text":"fly"} ], "directObject": {"class":"NounPhrase", "string": [ {"token":"id:1.1", "text":"A"},  {"token":"id:1.2", "text":"bat"} ], "isInferred":false, "coreferences": []}, "extraPhrases": [ [ {"token":"id:1.4", "text":"at"},  {"token":"id:1.5", "text":"night"} ] ]} ], "relation": {"class":"Relation", "string": [], "normalizedRelation":"EFFECT"}, "consequents": [ {"class":"ExtractionTuple", "subject": {"class":"NounPhrase", "string": [ {"token":"id:1.1", "text":"A"},  {"token":"id:1.2", "text":"bat"} ], "isInferred":false, "coreferences": [ {"class":"Coreference", "label":"x", "sourceTokens": [ {"token":"id:1.1", "text":"A"},  {"token":"id:1.2", "text":"bat"} ]} ]}, "verbPhrase": [ {"token":"id:1.7", "text":"prepare"} ], "extraPhrases": [ [ {"token":"id:1.8", "text":"for"},  {"token":"id:1.9", "text":"a"},  {"token":"id:1.10", "text":"seasonal"},  {"token":"id:1.11", "text":"change"},  {"token":"id:1.12", "text":"in"},  {"token":"id:1.13", "text":"the"},  {"token":"id:1.14", "text":"environment"} ] ]} ], "confidence":1.0}

% ("A bat"/?x "fly" "" [ "at night" ] )	""/EFFECT	("A bat"/?x "prepare" "" [ "for a seasonal change in the environment" ] )
english(rule3, "A bat flying at night is preparing for a seasonal change in the environment").
rule3:: isa(E3S1, "fly"), agent(E3S1, A2S1), isa(A2S1, "A bat"), isa(A5S1, "night"), at(E3S1, A5S1) -> effect(E3S1, E7S1), isa(E7S1, "prepare"), agent(E7S1, A2S1), isa(A11S1, "a seasonal change in the environment"), for(E7S1, A11S1).
english(rule4, "A bat flying at night is preparing for a seasonal change in the environment").
rule4:: isa(E7S1, "prepare"), agent(E7S1, A2S1), isa(A2S1, "A bat"), isa(A11S1, "a seasonal change in the environment"), for(E7S1, A11S1) -> effect(E3S1, E7S1), isa(E3S1, "fly"), agent(E3S1, A2S1), isa(A5S1, "night"), at(E3S1, A5S1).

@prefix  rdf: <http://www.w3.org/1999/02/22-rdf-syntax-ns#> .
@prefix  rel: <http://aristo.allenai.org/rel/> .
@prefix pred: <http://aristo.allenai.org/pred/> .

# Named toplevel resources (3)

<http://aristo.allenai.org/id#1.2>
	a <entity> ;
	pred:isa "\"A bat\"" .

<http://aristo.allenai.org/id#1.3>
	a <event> ;
	pred:agent <http://aristo.allenai.org/id#1.2> ;
	pred:at <http://aristo.allenai.org/id#1.5> ;
	pred:isa "\"fly\"" ;
	rel:effect <http://aristo.allenai.org/id#1.7> .

<http://aristo.allenai.org/id#1.5>
	pred:isa "\"night\"" .

@prefix  rdf: <http://www.w3.org/1999/02/22-rdf-syntax-ns#> .
@prefix pred: <http://aristo.allenai.org/pred/> .

# Named toplevel resources (3)

<http://aristo.allenai.org/id#1.11>
	pred:isa "\"a seasonal change in the environment\"" .

<http://aristo.allenai.org/id#1.2>
	a <entity> ;
	pred:isa "\"A bat\"" .

<http://aristo.allenai.org/id#1.7>
	a <event> ;
	pred:agent <http://aristo.allenai.org/id#1.2> ;
	pred:for <http://aristo.allenai.org/id#1.11> ;
	pred:isa "\"prepare\"" .

{"class":"ExtractionRule", "antecedents": [ {"class":"ExtractionTuple", "subject": {"class":"NounPhrase", "string": [ {"token":"id:1.1", "text":"A"},  {"token":"id:1.2", "text":"bat"} ], "isInferred":false, "coreferences": [ {"class":"Coreference", "label":"x", "sourceTokens": [ {"token":"id:1.1", "text":"A"},  {"token":"id:1.2", "text":"bat"} ]} ]}, "verbPhrase": [ {"token":"id:1.3", "text":"fly"} ], "extraPhrases": [ [ {"token":"id:1.4", "text":"at"},  {"token":"id:1.5", "text":"night"} ] ]} ], "relation": {"class":"Relation", "string": [], "normalizedRelation":"EFFECT"}, "consequents": [ {"class":"ExtractionTuple", "subject": {"class":"NounPhrase", "string": [ {"token":"id:1.1", "text":"A"},  {"token":"id:1.2", "text":"bat"} ], "isInferred":false, "coreferences": [ {"class":"Coreference", "label":"x", "sourceTokens": [ {"token":"id:1.1", "text":"A"},  {"token":"id:1.2", "text":"bat"} ]} ]}, "verbPhrase": [ {"token":"id:1.7", "text":"prepare"} ], "extraPhrases": [ [ {"token":"id:1.8", "text":"for"},  {"token":"id:1.9", "text":"a"},  {"token":"id:1.10", "text":"seasonal"},  {"token":"id:1.11", "text":"change"},  {"token":"id:1.12", "text":"in"},  {"token":"id:1.13", "text":"the"},  {"token":"id:1.14", "text":"environment"} ] ]} ], "confidence":1.0}

