% ("Green plants"/?x "get" "the energy")	"need to"/EFFECT	("Green plants"/?x "make" "food" [ "from sunlight" ] )
english(rule1, "Green plants get the energy they[Green plants] need to make food from sunlight").
rule1:: isa(E3, "get"), agent(E3, A2), isa(A2, "Green plants"), object(E3, A5), isa(A5, "the energy") -> effect(E3, E9), isa(E9, "make"), agent(E9, A2), object(E9, A10), isa(A10, "food"), from(E9, "sunlight").
english(rule2, "Green plants get the energy they[Green plants] need to make food from sunlight").
rule2:: isa(E9, "make"), agent(E9, A2), isa(A2, "Green plants"), object(E9, A10), isa(A10, "food"), from(E9, "sunlight") -> effect(E3, E9), isa(E3, "get"), agent(E3, A2), object(E3, A5), isa(A5, "the energy").

@prefix  rdf: <http://www.w3.org/1999/02/22-rdf-syntax-ns#> .
@prefix  rel: <http://aristo.allenai.org/rel/> .
@prefix pred: <http://aristo.allenai.org/pred/> .

# Named toplevel resources (3)

<http://aristo.allenai.org/id#1.2>
	a <entity> ;
	pred:isa "\"Green plants\"" .

<http://aristo.allenai.org/id#1.3>
	a <event> ;
	pred:agent <http://aristo.allenai.org/id#1.2> ;
	pred:isa "\"get\"" ;
	pred:object <http://aristo.allenai.org/id#1.5> ;
	rel:effect <http://aristo.allenai.org/id#1.9> .

<http://aristo.allenai.org/id#1.5>
	a <entity> ;
	pred:isa "\"the energy\"" .

@prefix  rdf: <http://www.w3.org/1999/02/22-rdf-syntax-ns#> .
@prefix pred: <http://aristo.allenai.org/pred/> .

# Named toplevel resources (3)

<http://aristo.allenai.org/id#1.10>
	a <entity> ;
	pred:isa "\"food\"" .

<http://aristo.allenai.org/id#1.2>
	a <entity> ;
	pred:isa "\"Green plants\"" .

<http://aristo.allenai.org/id#1.9>
	a <event> ;
	pred:agent <http://aristo.allenai.org/id#1.2> ;
	pred:from "\"sunlight\"" ;
	pred:isa "\"make\"" ;
	pred:object <http://aristo.allenai.org/id#1.10> .

