% "Erosion"	"causes"/CAUSE	("rocks" "roll" "" [ "downhill" ] )
english(rule1, "Erosion causes rocks to roll downhill").
rule1:: isa(A1, "Erosion") -> cause(A1, E5), isa(E5, "roll"), agent(E5, A3), isa(A3, "rocks"), arg(E5, "downhill").
english(rule2, "Erosion causes rocks to roll downhill").
rule2:: isa(E5, "roll"), agent(E5, A3), isa(A3, "rocks"), arg(E5, "downhill") -> cause(A1, E5), isa(A1, "Erosion").

@prefix  rdf: <http://www.w3.org/1999/02/22-rdf-syntax-ns#> .
@prefix  rel: <http://aristo.allenai.org/rel/> .
@prefix pred: <http://aristo.allenai.org/pred/> .

# Named toplevel resources (1)

<http://aristo.allenai.org/id#1.1>
	a <entity> ;
	pred:isa "\"Erosion\"" ;
	rel:cause <http://aristo.allenai.org/id#1.5> .

@prefix  rdf: <http://www.w3.org/1999/02/22-rdf-syntax-ns#> .
@prefix pred: <http://aristo.allenai.org/pred/> .

# Named toplevel resources (2)

<http://aristo.allenai.org/id#1.3>
	a <entity> ;
	pred:isa "\"rocks\"" .

<http://aristo.allenai.org/id#1.5>
	a <event> ;
	pred:agent <http://aristo.allenai.org/id#1.3> ;
	pred:arg "\"downhill\"" ;
	pred:isa "\"roll\"" .

