% "Talking activity"	"necessary"/REQUIREMENT	("humans" "maintain" "good health")
english(rule1, "Talking activity is necessary for humans to maintain good health").
rule1:: isa(A2S1, "Talking activity") -> requirement(A2S1, E8S1), isa(E8S1, "maintain"), agent(E8S1, A6S1), isa(A6S1, "humans"), object(E8S1, A10S1), isa(A10S1, "good health").
english(rule2, "Talking activity is necessary for humans to maintain good health").
rule2:: isa(E8S1, "maintain"), agent(E8S1, A6S1), isa(A6S1, "humans"), object(E8S1, A10S1), isa(A10S1, "good health") -> requirement(A2S1, E8S1), isa(A2S1, "Talking activity").

@prefix  rdf: <http://www.w3.org/1999/02/22-rdf-syntax-ns#> .
@prefix  rel: <http://aristo.allenai.org/rel/> .
@prefix pred: <http://aristo.allenai.org/pred/> .

# Named toplevel resources (1)

<http://aristo.allenai.org/id#1.2>
	a <entity> ;
	pred:isa "\"Talking activity\"" ;
	rel:requirement <http://aristo.allenai.org/id#1.8> .

@prefix  rdf: <http://www.w3.org/1999/02/22-rdf-syntax-ns#> .
@prefix pred: <http://aristo.allenai.org/pred/> .

# Named toplevel resources (3)

<http://aristo.allenai.org/id#1.10>
	a <entity> ;
	pred:isa "\"good health\"" .

<http://aristo.allenai.org/id#1.6>
	a <entity> ;
	pred:isa "\"humans\"" .

<http://aristo.allenai.org/id#1.8>
	a <event> ;
	pred:agent <http://aristo.allenai.org/id#1.6> ;
	pred:isa "\"maintain\"" ;
	pred:object <http://aristo.allenai.org/id#1.10> .

{"class":"ExtractionRule", "antecedents": [ {"class":"ExtractionTuple", "subject": {"class":"NounPhrase", "string": [ {"token":"id:1.1", "text":"Talking"},  {"token":"id:1.2", "text":"activity"} ], "isInferred":false, "coreferences": []}, "verbPhrase": [], "extraPhrases": []} ], "relation": {"class":"Relation", "string": [ {"token":"id:1.4", "text":"necessary"} ], "normalizedRelation":"REQUIREMENT"}, "consequents": [ {"class":"ExtractionTuple", "subject": {"class":"NounPhrase", "string": [ {"token":"id:1.6", "text":"humans"} ], "isInferred":false, "coreferences": []}, "verbPhrase": [ {"token":"id:1.8", "text":"maintain"} ], "directObject": {"class":"NounPhrase", "string": [ {"token":"id:1.9", "text":"good"},  {"token":"id:1.10", "text":"health"} ], "isInferred":false, "coreferences": []}, "extraPhrases": []} ], "confidence":1.0}

