% ("green plants" "make" "their[green plants] own food")	"are called"/EXAMPLE	"decomposers"
english(rule1, "Since green plants make their[green plants] own food they[green plants] are called decomposers").
rule1:: isa(E4, "make"), agent(E4, A3), isa(A3, "green plants"), object(E4, A7), isa(A7, "their[green plants] own food") -> example(E4, A12), isa(A12, "decomposers").
english(rule2, "Since green plants make their[green plants] own food they[green plants] are called decomposers").
rule2:: isa(A12, "decomposers") -> example(E4, A12), isa(E4, "make"), agent(E4, A3), isa(A3, "green plants"), object(E4, A7), isa(A7, "their[green plants] own food").

@prefix  rdf: <http://www.w3.org/1999/02/22-rdf-syntax-ns#> .
@prefix  rel: <http://aristo.allenai.org/rel/> .
@prefix pred: <http://aristo.allenai.org/pred/> .

# Named toplevel resources (3)

<http://aristo.allenai.org/id#1.3>
	a <entity> ;
	pred:isa "\"green plants\"" .

<http://aristo.allenai.org/id#1.4>
	a <event> ;
	pred:agent <http://aristo.allenai.org/id#1.3> ;
	pred:isa "\"make\"" ;
	pred:object <http://aristo.allenai.org/id#1.7> ;
	rel:example <http://aristo.allenai.org/id#1.12> .

<http://aristo.allenai.org/id#1.7>
	a <entity> ;
	pred:isa "\"their[green plants] own food\"" .

@prefix  rdf: <http://www.w3.org/1999/02/22-rdf-syntax-ns#> .
@prefix pred: <http://aristo.allenai.org/pred/> .

# Named toplevel resources (1)

<http://aristo.allenai.org/id#1.12>
	a <entity> ;
	pred:isa "\"decomposers\"" .

