% "Eating candy"	"example of"/EXAMPLE	"a good health habit"
english(rule1, "Eating candy is an example of a good health habit").
rule1:: isa(A2, "Eating candy") -> example(A2, A10), isa(A10, "a good health habit").
english(rule2, "Eating candy is an example of a good health habit").
rule2:: isa(A10, "a good health habit") -> example(A2, A10), isa(A2, "Eating candy").

@prefix  rdf: <http://www.w3.org/1999/02/22-rdf-syntax-ns#> .
@prefix  rel: <http://aristo.allenai.org/rel/> .
@prefix pred: <http://aristo.allenai.org/pred/> .

# Named toplevel resources (1)

<http://aristo.allenai.org/id#1.2>
	a <entity> ;
	pred:isa "\"Eating candy\"" ;
	rel:example <http://aristo.allenai.org/id#1.10> .

@prefix  rdf: <http://www.w3.org/1999/02/22-rdf-syntax-ns#> .
@prefix pred: <http://aristo.allenai.org/pred/> .

# Named toplevel resources (1)

<http://aristo.allenai.org/id#1.10>
	a <entity> ;
	pred:isa "\"a good health habit\"" .

{"class":"ExtractionRule", "antecedents": [ {"class":"ExtractionTuple", "subject": {"class":"NounPhrase", "string": [ {"token":"id:1.1", "text":"Eating"},  {"token":"id:1.2", "text":"candy"} ], "isInferred":false, "coreferences": []}, "verbPhrase": [], "extraPhrases": []} ], "relation": {"class":"Relation", "string": [ {"token":"id:1.5", "text":"example"},  {"token":"id:1.6", "text":"of"} ], "normalizedRelation":"EXAMPLE"}, "consequents": [ {"class":"ExtractionTuple", "subject": {"class":"NounPhrase", "string": [ {"token":"id:1.7", "text":"a"},  {"token":"id:1.8", "text":"good"},  {"token":"id:1.9", "text":"health"},  {"token":"id:1.10", "text":"habit"} ], "isInferred":false, "coreferences": []}, "verbPhrase": [], "extraPhrases": []} ], "confidence":1.0}

