% ("A dog" "open" "its mouth")
english(rule1, "A dog opens its mouth and lets its[its mouth] tongue hang out").
rule1:: isa(E3, "open") -> agent(E3, A2), isa(A2, "A dog"), object(E3, A5), isa(A5, "its mouth").
english(rule2, "A dog opens its mouth and lets its[its mouth] tongue hang out").
rule2:: isa(A2, "A dog") -> isa(E3, "open"), agent(E3, A2), object(E3, A5), isa(A5, "its mouth").
english(rule3, "A dog opens its mouth and lets its[its mouth] tongue hang out").
rule3:: isa(A5, "its mouth") -> isa(E3, "open"), agent(E3, A2), isa(A2, "A dog"), object(E3, A5).

@prefix  rdf: <http://www.w3.org/1999/02/22-rdf-syntax-ns#> .
@prefix pred: <http://aristo.allenai.org/pred/> .

# Named toplevel resources (3)

<http://aristo.allenai.org/id#1.2>
	a <entity> ;
	pred:isa "\"A dog\"" .

<http://aristo.allenai.org/id#1.3>
	a <event> ;
	pred:agent <http://aristo.allenai.org/id#1.2> ;
	pred:isa "\"open\"" ;
	pred:object <http://aristo.allenai.org/id#1.5> .

<http://aristo.allenai.org/id#1.5>
	a <entity> ;
	pred:isa "\"its mouth\"" .

% ("A human 's body" "produce" "sweat")
english(rule4, "A human 's body produces sweat").
rule4:: isa(E5, "produce") -> agent(E5, A4), isa(A4, "A human 's body"), object(E5, A6), isa(A6, "sweat").
english(rule5, "A human 's body produces sweat").
rule5:: isa(A4, "A human 's body") -> isa(E5, "produce"), agent(E5, A4), object(E5, A6), isa(A6, "sweat").
english(rule6, "A human 's body produces sweat").
rule6:: isa(A6, "sweat") -> isa(E5, "produce"), agent(E5, A4), isa(A4, "A human 's body"), object(E5, A6).

@prefix  rdf: <http://www.w3.org/1999/02/22-rdf-syntax-ns#> .
@prefix pred: <http://aristo.allenai.org/pred/> .

# Named toplevel resources (3)

<http://aristo.allenai.org/id#2.4>
	a <entity> ;
	pred:isa "\"A human 's body\"" .

<http://aristo.allenai.org/id#2.5>
	a <event> ;
	pred:agent <http://aristo.allenai.org/id#2.4> ;
	pred:isa "\"produce\"" ;
	pred:object <http://aristo.allenai.org/id#2.6> .

<http://aristo.allenai.org/id#2.6>
	a <entity> ;
	pred:isa "\"sweat\"" .

% ("organisms"/?x "these" "")	"are ways"/EFFECT	("organisms"/?x "adjust" "These" [ "to hot temperatures" ] )
english(rule7, "These are two ways that organisms may adjust to hot temperatures").
rule7:: isa(E1, "these"), agent(E1, A6), isa(A6, "organisms") -> effect(E1, E8), isa(E8, "adjust"), agent(E8, A6), object(E8, E1), isa(E1, "These"), to(E8, "hot temperatures").
english(rule8, "These are two ways that organisms may adjust to hot temperatures").
rule8:: isa(E8, "adjust"), agent(E8, A6), isa(A6, "organisms"), object(E8, E1), isa(E1, "These"), to(E8, "hot temperatures") -> effect(E1, E8), isa(E1, "these"), agent(E1, A6).

@prefix  rdf: <http://www.w3.org/1999/02/22-rdf-syntax-ns#> .
@prefix  rel: <http://aristo.allenai.org/rel/> .
@prefix pred: <http://aristo.allenai.org/pred/> .

# Named toplevel resources (2)

<http://aristo.allenai.org/id#3.1>
	a <event> ;
	pred:agent <http://aristo.allenai.org/id#3.6> ;
	pred:isa "\"these\"" ;
	rel:effect <http://aristo.allenai.org/id#3.8> .

<http://aristo.allenai.org/id#3.6>
	a <entity> ;
	pred:isa "\"organisms\"" .

@prefix  rdf: <http://www.w3.org/1999/02/22-rdf-syntax-ns#> .
@prefix pred: <http://aristo.allenai.org/pred/> .

# Named toplevel resources (3)

<http://aristo.allenai.org/id#3.1>
	a <entity> ;
	pred:isa "\"These\"" .

<http://aristo.allenai.org/id#3.6>
	a <entity> ;
	pred:isa "\"organisms\"" .

<http://aristo.allenai.org/id#3.8>
	a <event> ;
	pred:agent <http://aristo.allenai.org/id#3.6> ;
	pred:isa "\"adjust\"" ;
	pred:object <http://aristo.allenai.org/id#3.1> ;
	pred:to "\"hot temperatures\"" .

% ("organisms"/?x "these" "")	"are ways"/EFFECT	("organisms"/?x "adjust" "two ways" [ "to hot temperatures" ] )
english(rule9, "These are two ways that organisms may adjust to hot temperatures").
rule9:: isa(E1, "these"), agent(E1, A6), isa(A6, "organisms") -> effect(E1, E8), isa(E8, "adjust"), agent(E8, A6), object(E8, A4), isa(A4, "two ways"), to(E8, "hot temperatures").
english(rule10, "These are two ways that organisms may adjust to hot temperatures").
rule10:: isa(E8, "adjust"), agent(E8, A6), isa(A6, "organisms"), object(E8, A4), isa(A4, "two ways"), to(E8, "hot temperatures") -> effect(E1, E8), isa(E1, "these"), agent(E1, A6).

@prefix  rdf: <http://www.w3.org/1999/02/22-rdf-syntax-ns#> .
@prefix  rel: <http://aristo.allenai.org/rel/> .
@prefix pred: <http://aristo.allenai.org/pred/> .

# Named toplevel resources (2)

<http://aristo.allenai.org/id#3.1>
	a <event> ;
	pred:agent <http://aristo.allenai.org/id#3.6> ;
	pred:isa "\"these\"" ;
	rel:effect <http://aristo.allenai.org/id#3.8> .

<http://aristo.allenai.org/id#3.6>
	a <entity> ;
	pred:isa "\"organisms\"" .

@prefix  rdf: <http://www.w3.org/1999/02/22-rdf-syntax-ns#> .
@prefix pred: <http://aristo.allenai.org/pred/> .

# Named toplevel resources (3)

<http://aristo.allenai.org/id#3.4>
	a <entity> ;
	pred:isa "\"two ways\"" .

<http://aristo.allenai.org/id#3.6>
	a <entity> ;
	pred:isa "\"organisms\"" .

<http://aristo.allenai.org/id#3.8>
	a <event> ;
	pred:agent <http://aristo.allenai.org/id#3.6> ;
	pred:isa "\"adjust\"" ;
	pred:object <http://aristo.allenai.org/id#3.4> ;
	pred:to "\"hot temperatures\"" .

% "These"	"are ways"/EXAMPLE	("organisms" "adjust" "These" [ "to hot temperatures" ] )
english(rule11, "These are two ways that organisms may adjust to hot temperatures").
rule11:: isa(A1, "These") -> example(A1, E8), isa(E8, "adjust"), agent(E8, A6), isa(A6, "organisms"), object(E8, A1), to(E8, "hot temperatures").
english(rule12, "These are two ways that organisms may adjust to hot temperatures").
rule12:: isa(E8, "adjust"), agent(E8, A6), isa(A6, "organisms"), object(E8, A1), isa(A1, "These"), to(E8, "hot temperatures") -> example(A1, E8), .

@prefix  rdf: <http://www.w3.org/1999/02/22-rdf-syntax-ns#> .
@prefix  rel: <http://aristo.allenai.org/rel/> .
@prefix pred: <http://aristo.allenai.org/pred/> .

# Named toplevel resources (1)

<http://aristo.allenai.org/id#3.1>
	a <entity> ;
	pred:isa "\"These\"" ;
	rel:example <http://aristo.allenai.org/id#3.8> .

@prefix  rdf: <http://www.w3.org/1999/02/22-rdf-syntax-ns#> .
@prefix pred: <http://aristo.allenai.org/pred/> .

# Named toplevel resources (3)

<http://aristo.allenai.org/id#3.1>
	a <entity> ;
	pred:isa "\"These\"" .

<http://aristo.allenai.org/id#3.6>
	a <entity> ;
	pred:isa "\"organisms\"" .

<http://aristo.allenai.org/id#3.8>
	a <event> ;
	pred:agent <http://aristo.allenai.org/id#3.6> ;
	pred:isa "\"adjust\"" ;
	pred:object <http://aristo.allenai.org/id#3.1> ;
	pred:to "\"hot temperatures\"" .

% "These"	"are ways"/EXAMPLE	("organisms" "adjust" "two ways" [ "to hot temperatures" ] )
english(rule13, "These are two ways that organisms may adjust to hot temperatures").
rule13:: isa(A1, "These") -> example(A1, E8), isa(E8, "adjust"), agent(E8, A6), isa(A6, "organisms"), object(E8, A4), isa(A4, "two ways"), to(E8, "hot temperatures").
english(rule14, "These are two ways that organisms may adjust to hot temperatures").
rule14:: isa(E8, "adjust"), agent(E8, A6), isa(A6, "organisms"), object(E8, A4), isa(A4, "two ways"), to(E8, "hot temperatures") -> example(A1, E8), isa(A1, "These").

@prefix  rdf: <http://www.w3.org/1999/02/22-rdf-syntax-ns#> .
@prefix  rel: <http://aristo.allenai.org/rel/> .
@prefix pred: <http://aristo.allenai.org/pred/> .

# Named toplevel resources (1)

<http://aristo.allenai.org/id#3.1>
	a <entity> ;
	pred:isa "\"These\"" ;
	rel:example <http://aristo.allenai.org/id#3.8> .

@prefix  rdf: <http://www.w3.org/1999/02/22-rdf-syntax-ns#> .
@prefix pred: <http://aristo.allenai.org/pred/> .

# Named toplevel resources (3)

<http://aristo.allenai.org/id#3.4>
	a <entity> ;
	pred:isa "\"two ways\"" .

<http://aristo.allenai.org/id#3.6>
	a <entity> ;
	pred:isa "\"organisms\"" .

<http://aristo.allenai.org/id#3.8>
	a <event> ;
	pred:agent <http://aristo.allenai.org/id#3.6> ;
	pred:isa "\"adjust\"" ;
	pred:object <http://aristo.allenai.org/id#3.4> ;
	pred:to "\"hot temperatures\"" .

