% ("Some animals"/?x "grow" "fur" [ "in winter" ] )	"to"/EFFECT	("Some animals"/?x "keep" "" [ "warm" ] )
english(rule1, "Some animals grow fur in winter to keep warm").
rule1:: isa(E3, "grow"), agent(E3, A2), isa(A2, "Some animals"), object(E3, A4), isa(A4, "fur"), isa(A6, "winter"), in(E3, A6) -> effect(E3, E8), isa(E8, "keep"), agent(E8, A2), isa(A9, "warm"), arg(E8, A9).
english(rule2, "Some animals grow fur in winter to keep warm").
rule2:: isa(E8, "keep"), agent(E8, A2), isa(A2, "Some animals"), isa(A9, "warm"), arg(E8, A9) -> effect(E3, E8), isa(E3, "grow"), agent(E3, A2), object(E3, A4), isa(A4, "fur"), isa(A6, "winter"), in(E3, A6).

@prefix  rdf: <http://www.w3.org/1999/02/22-rdf-syntax-ns#> .
@prefix  rel: <http://aristo.allenai.org/rel/> .
@prefix pred: <http://aristo.allenai.org/pred/> .

# Named toplevel resources (4)

<http://aristo.allenai.org/id#1.2>
	a <entity> ;
	pred:isa "\"Some animals\"" .

<http://aristo.allenai.org/id#1.3>
	a <event> ;
	pred:agent <http://aristo.allenai.org/id#1.2> ;
	pred:in <http://aristo.allenai.org/id#1.6> ;
	pred:isa "\"grow\"" ;
	pred:object <http://aristo.allenai.org/id#1.4> ;
	rel:effect <http://aristo.allenai.org/id#1.8> .

<http://aristo.allenai.org/id#1.4>
	a <entity> ;
	pred:isa "\"fur\"" .

<http://aristo.allenai.org/id#1.6>
	pred:isa "\"winter\"" .

@prefix  rdf: <http://www.w3.org/1999/02/22-rdf-syntax-ns#> .
@prefix pred: <http://aristo.allenai.org/pred/> .

# Named toplevel resources (3)

<http://aristo.allenai.org/id#1.2>
	a <entity> ;
	pred:isa "\"Some animals\"" .

<http://aristo.allenai.org/id#1.8>
	a <event> ;
	pred:agent <http://aristo.allenai.org/id#1.2> ;
	pred:arg <http://aristo.allenai.org/id#1.9> ;
	pred:isa "\"keep\"" .

<http://aristo.allenai.org/id#1.9>
	pred:isa "\"warm\"" .

{"class":"ExtractionRule", "antecedents": [ {"class":"ExtractionTuple", "subject": {"class":"NounPhrase", "string": [ {"token":"id:1.1", "text":"Some"},  {"token":"id:1.2", "text":"animals"} ], "isInferred":false, "coreferences": [ {"class":"Coreference", "label":"x", "sourceTokens": [ {"token":"id:1.1", "text":"Some"},  {"token":"id:1.2", "text":"animals"} ]} ]}, "verbPhrase": [ {"token":"id:1.3", "text":"grow"} ], "directObject": {"class":"NounPhrase", "string": [ {"token":"id:1.4", "text":"fur"} ], "isInferred":false, "coreferences": []}, "extraPhrases": [ [ {"token":"id:1.5", "text":"in"},  {"token":"id:1.6", "text":"winter"} ] ]} ], "relation": {"class":"Relation", "string": [ {"token":"id:1.7", "text":"to"} ], "normalizedRelation":"EFFECT"}, "consequents": [ {"class":"ExtractionTuple", "subject": {"class":"NounPhrase", "string": [], "isInferred":true, "coreferences": [ {"class":"Coreference", "label":"x", "sourceTokens": [ {"token":"id:1.1", "text":"Some"},  {"token":"id:1.2", "text":"animals"} ]} ]}, "verbPhrase": [ {"token":"id:1.8", "text":"keep"} ], "extraPhrases": [ [ {"token":"id:1.9", "text":"warm"} ] ]} ], "confidence":1.0}

