% ("our bodies"/?x "sweat" "perspiration" [ "In the hot weather" ] )	""/EFFECT	("our bodies"/?x "bring" "water" [ "to our[our] skin" ] )

@prefix  rdf: <http://www.w3.org/1999/02/22-rdf-syntax-ns#> .
@prefix  rel: <http://aristo.allenai.org/rel/> .
@prefix pred: <http://aristo.allenai.org/pred/> .

# Named toplevel resources (4)

<http://aristo.allenai.org/id#ie-target/1_4>
	pred:isa "\"the hot weather\"" .

<http://aristo.allenai.org/id#ie-target/1_6>
	a <entity> ;
	pred:isa "\"our bodies\"" .

<http://aristo.allenai.org/id#ie-target/1_7>
	a <event> ;
	pred:agent <http://aristo.allenai.org/id#ie-target/1_6> ;
	pred:in <http://aristo.allenai.org/id#ie-target/1_4> ;
	pred:isa "\"sweat\"" ;
	pred:object <http://aristo.allenai.org/id#ie-target/1_9> ;
	rel:effect <http://aristo.allenai.org/id#ie-target/1_12> .

<http://aristo.allenai.org/id#ie-target/1_9>
	a <entity> ;
	pred:isa "\"perspiration\"" .

@prefix  rdf: <http://www.w3.org/1999/02/22-rdf-syntax-ns#> .
@prefix pred: <http://aristo.allenai.org/pred/> .

# Named toplevel resources (4)

<http://aristo.allenai.org/id#ie-target/1_12>
	a <event> ;
	pred:agent <http://aristo.allenai.org/id#ie-target/1_6> ;
	pred:isa "\"bring\"" ;
	pred:object <http://aristo.allenai.org/id#ie-target/1_13> ;
	pred:to <http://aristo.allenai.org/id#ie-target/1_16> .

<http://aristo.allenai.org/id#ie-target/1_13>
	a <entity> ;
	pred:isa "\"water\"" .

<http://aristo.allenai.org/id#ie-target/1_16>
	pred:isa "\"our[our] skin\"" .

<http://aristo.allenai.org/id#ie-target/1_6>
	a <entity> ;
	pred:isa "\"our bodies\"" .
english(ie-target.rule1, "In the hot weather our bodies sweat perspiration bringing water to our[our] skin").
pretty(ie-target.rule1, "EFFECT(sweat(Body, Perspiration, in(Weather)), bring(Body, Water, to(Skin))), Body = 'our bodies', Perspiration = 'perspiration', Weather = 'the hot weather', Water = 'water', Skin = 'our[our] skin'.").
ie-target.rule1:: isa(E7S1-sweat, "sweat"), agent(E7S1-sweat, A6S1-body), isa(A6S1-body, "our bodies"), object(E7S1-sweat, A9S1-perspiration), isa(A9S1-perspiration, "perspiration"), in(E7S1-sweat, A4S1-weather), isa(A4S1-weather, "the hot weather") -> effect(E7S1-sweat, E12S1-bring), isa(E12S1-bring, "bring"), agent(E12S1-bring, A6S1-body), object(E12S1-bring, A13S1-water), isa(A13S1-water, "water"), to(E12S1-bring, A16S1-skin), isa(A16S1-skin, "our[our] skin").
english(ie-target.rule2, "In the hot weather our bodies sweat perspiration bringing water to our[our] skin").
pretty(ie-target.rule2, "EFFECT(sweat(Body, Perspiration, in(Weather)), bring(Body, Water, to(Skin))), Body = 'our bodies', Perspiration = 'perspiration', Weather = 'the hot weather', Water = 'water', Skin = 'our[our] skin'.").
ie-target.rule2:: isa(E12S1-bring, "bring"), agent(E12S1-bring, A6S1-body), isa(A6S1-body, "our bodies"), object(E12S1-bring, A13S1-water), isa(A13S1-water, "water"), to(E12S1-bring, A16S1-skin), isa(A16S1-skin, "our[our] skin") -> effect(E7S1-sweat, E12S1-bring), isa(E7S1-sweat, "sweat"), agent(E7S1-sweat, A6S1-body), object(E7S1-sweat, A9S1-perspiration), isa(A9S1-perspiration, "perspiration"), in(E7S1-sweat, A4S1-weather), isa(A4S1-weather, "the hot weather").


% ("some animals"/?x "store" "food")	"by"/ENABLE	("some animals"/?x "prepare" "" [ "for the long winters" ] )

@prefix  rdf: <http://www.w3.org/1999/02/22-rdf-syntax-ns#> .
@prefix  rel: <http://aristo.allenai.org/rel/> .
@prefix pred: <http://aristo.allenai.org/pred/> .

# Named toplevel resources (3)

<http://aristo.allenai.org/id#ie-target/2_10>
	a <event> ;
	pred:agent <http://aristo.allenai.org/id#ie-target/2_3> ;
	pred:isa "\"store\"" ;
	pred:object <http://aristo.allenai.org/id#ie-target/2_11> ;
	rel:enable <http://aristo.allenai.org/id#ie-target/2_4> .

<http://aristo.allenai.org/id#ie-target/2_11>
	a <entity> ;
	pred:isa "\"food\"" .

<http://aristo.allenai.org/id#ie-target/2_3>
	a <entity> ;
	pred:isa "\"some animals\"" .

@prefix  rdf: <http://www.w3.org/1999/02/22-rdf-syntax-ns#> .
@prefix pred: <http://aristo.allenai.org/pred/> .

# Named toplevel resources (3)

<http://aristo.allenai.org/id#ie-target/2_3>
	a <entity> ;
	pred:isa "\"some animals\"" .

<http://aristo.allenai.org/id#ie-target/2_4>
	a <event> ;
	pred:agent <http://aristo.allenai.org/id#ie-target/2_3> ;
	pred:for <http://aristo.allenai.org/id#ie-target/2_8> ;
	pred:isa "\"prepare\"" .

<http://aristo.allenai.org/id#ie-target/2_8>
	pred:isa "\"the long winters\"" .
english(ie-target.rule3, "When some animals prepare for the long winters by storing food and going dormant it is called hibernation").
pretty(ie-target.rule3, "ENABLE(store(Animal, Food), prepare(Animal, for(Winter))), Animal = 'some animals', Food = 'food', Winter = 'the long winters'.").
ie-target.rule3:: isa(E10S2-store, "store"), agent(E10S2-store, A3S2-animal), isa(A3S2-animal, "some animals"), object(E10S2-store, A11S2-food), isa(A11S2-food, "food") -> enable(E10S2-store, E4S2-prepare), isa(E4S2-prepare, "prepare"), agent(E4S2-prepare, A3S2-animal), for(E4S2-prepare, A8S2-winter), isa(A8S2-winter, "the long winters").
english(ie-target.rule4, "When some animals prepare for the long winters by storing food and going dormant it is called hibernation").
pretty(ie-target.rule4, "ENABLE(store(Animal, Food), prepare(Animal, for(Winter))), Animal = 'some animals', Food = 'food', Winter = 'the long winters'.").
ie-target.rule4:: isa(E4S2-prepare, "prepare"), agent(E4S2-prepare, A3S2-animal), isa(A3S2-animal, "some animals"), for(E4S2-prepare, A8S2-winter), isa(A8S2-winter, "the long winters") -> enable(E10S2-store, E4S2-prepare), isa(E10S2-store, "store"), agent(E10S2-store, A3S2-animal), object(E10S2-store, A11S2-food), isa(A11S2-food, "food").


% ("some animals" "prepare" "" [ "for the long winters" ] )	"is called"/EXAMPLE	"hibernation"

@prefix  rdf: <http://www.w3.org/1999/02/22-rdf-syntax-ns#> .
@prefix  rel: <http://aristo.allenai.org/rel/> .
@prefix pred: <http://aristo.allenai.org/pred/> .

# Named toplevel resources (3)

<http://aristo.allenai.org/id#ie-target/2_3>
	a <entity> ;
	pred:isa "\"some animals\"" .

<http://aristo.allenai.org/id#ie-target/2_4>
	a <event> ;
	pred:agent <http://aristo.allenai.org/id#ie-target/2_3> ;
	pred:for <http://aristo.allenai.org/id#ie-target/2_8> ;
	pred:isa "\"prepare\"" ;
	rel:example <http://aristo.allenai.org/id#ie-target/2_18> .

<http://aristo.allenai.org/id#ie-target/2_8>
	pred:isa "\"the long winters\"" .

@prefix  rdf: <http://www.w3.org/1999/02/22-rdf-syntax-ns#> .
@prefix pred: <http://aristo.allenai.org/pred/> .

# Named toplevel resources (1)

<http://aristo.allenai.org/id#ie-target/2_18>
	a <entity> ;
	pred:isa "\"hibernation\"" .
english(ie-target.rule5, "When some animals prepare for the long winters by storing food and going dormant it is called hibernation").
pretty(ie-target.rule5, "EXAMPLE(prepare(Animal, for(Winter)), Hibernation), Animal = 'some animals', Winter = 'the long winters', Hibernation = 'hibernation'.").
ie-target.rule5:: isa(E4S2-prepare, "prepare"), agent(E4S2-prepare, A3S2-animal), isa(A3S2-animal, "some animals"), for(E4S2-prepare, A8S2-winter), isa(A8S2-winter, "the long winters") -> example(E4S2-prepare, A18S2-hibernation), isa(A18S2-hibernation, "hibernation").
english(ie-target.rule6, "When some animals prepare for the long winters by storing food and going dormant it is called hibernation").
pretty(ie-target.rule6, "EXAMPLE(prepare(Animal, for(Winter)), Hibernation), Animal = 'some animals', Winter = 'the long winters', Hibernation = 'hibernation'.").
ie-target.rule6:: isa(A18S2-hibernation, "hibernation") -> example(E4S2-prepare, A18S2-hibernation), isa(E4S2-prepare, "prepare"), agent(E4S2-prepare, A3S2-animal), isa(A3S2-animal, "some animals"), for(E4S2-prepare, A8S2-winter), isa(A8S2-winter, "the long winters").


% "A hand lens"/?x	"is used"/PURPOSE	("A hand lens"/?x "view" "objects" [ "in more detail" ] )

@prefix  rdf: <http://www.w3.org/1999/02/22-rdf-syntax-ns#> .
@prefix  rel: <http://aristo.allenai.org/rel/> .
@prefix pred: <http://aristo.allenai.org/pred/> .

# Named toplevel resources (1)

<http://aristo.allenai.org/id#ie-target/3_3>
	a <entity> ;
	pred:isa "\"A hand lens\"" ;
	rel:purpose <http://aristo.allenai.org/id#ie-target/3_7> .

@prefix  rdf: <http://www.w3.org/1999/02/22-rdf-syntax-ns#> .
@prefix pred: <http://aristo.allenai.org/pred/> .

# Named toplevel resources (4)

<http://aristo.allenai.org/id#ie-target/3_11>
	pred:isa "\"more detail\"" .

<http://aristo.allenai.org/id#ie-target/3_3>
	a <entity> ;
	pred:isa "\"A hand lens\"" .

<http://aristo.allenai.org/id#ie-target/3_7>
	a <event> ;
	pred:agent <http://aristo.allenai.org/id#ie-target/3_3> ;
	pred:in <http://aristo.allenai.org/id#ie-target/3_11> ;
	pred:isa "\"view\"" ;
	pred:object <http://aristo.allenai.org/id#ie-target/3_8> .

<http://aristo.allenai.org/id#ie-target/3_8>
	a <entity> ;
	pred:isa "\"objects\"" .
english(ie-target.rule7, "A hand lens is used to view objects in more detail").
pretty(ie-target.rule7, "PURPOSE(Lens, view(Lens, Object, in(Detail))), Lens = 'A hand lens', Object = 'objects', Detail = 'more detail'.").
ie-target.rule7:: isa(A3S3-lens, "A hand lens") -> purpose(A3S3-lens, E7S3-view), isa(E7S3-view, "view"), agent(E7S3-view, A3S3-lens), object(E7S3-view, A8S3-object), isa(A8S3-object, "objects"), in(E7S3-view, A11S3-detail), isa(A11S3-detail, "more detail").
english(ie-target.rule8, "A hand lens is used to view objects in more detail").
pretty(ie-target.rule8, "PURPOSE(Lens, view(Lens, Object, in(Detail))), Lens = 'A hand lens', Object = 'objects', Detail = 'more detail'.").
ie-target.rule8:: isa(E7S3-view, "view"), agent(E7S3-view, A3S3-lens), isa(A3S3-lens, "A hand lens"), object(E7S3-view, A8S3-object), isa(A8S3-object, "objects"), in(E7S3-view, A11S3-detail), isa(A11S3-detail, "more detail") -> purpose(A3S3-lens, E7S3-view).


% ("Freezing"/?x "remove" "heat")	"by"/ENABLE	("Freezing"/?x "change" "water" [ "from its[A hand lens] liquid state", "to its[its liquid state] solid state" ] )

@prefix  rdf: <http://www.w3.org/1999/02/22-rdf-syntax-ns#> .
@prefix  rel: <http://aristo.allenai.org/rel/> .
@prefix pred: <http://aristo.allenai.org/pred/> .

# Named toplevel resources (3)

<http://aristo.allenai.org/id#ie-target/4_1>
	a <entity> ;
	pred:isa "\"Freezing\"" .

<http://aristo.allenai.org/id#ie-target/4_18>
	a <event> ;
	pred:agent <http://aristo.allenai.org/id#ie-target/4_1> ;
	pred:isa "\"remove\"" ;
	pred:object <http://aristo.allenai.org/id#ie-target/4_20> ;
	rel:enable <http://aristo.allenai.org/id#ie-target/4_3> .

<http://aristo.allenai.org/id#ie-target/4_20>
	a <entity> ;
	pred:isa "\"heat\"" .

@prefix  rdf: <http://www.w3.org/1999/02/22-rdf-syntax-ns#> .
@prefix pred: <http://aristo.allenai.org/pred/> .

# Named toplevel resources (5)

<http://aristo.allenai.org/id#ie-target/4_1>
	a <entity> ;
	pred:isa "\"Freezing\"" .

<http://aristo.allenai.org/id#ie-target/4_12>
	pred:isa "\"its[its liquid state] solid state\"" .

<http://aristo.allenai.org/id#ie-target/4_3>
	a <event> ;
	pred:agent <http://aristo.allenai.org/id#ie-target/4_1> ;
	pred:from <http://aristo.allenai.org/id#ie-target/4_8> ;
	pred:isa "\"change\"" ;
	pred:object <http://aristo.allenai.org/id#ie-target/4_4> ;
	pred:to <http://aristo.allenai.org/id#ie-target/4_12> .

<http://aristo.allenai.org/id#ie-target/4_4>
	a <entity> ;
	pred:isa "\"water\"" .

<http://aristo.allenai.org/id#ie-target/4_8>
	pred:isa "\"its[A hand lens] liquid state\"" .
english(ie-target.rule9, "Freezing involves changing water from its[A hand lens] liquid state to its[its liquid state] solid state ice by the removal of heat").
pretty(ie-target.rule9, "ENABLE(remove(Freezing, Heat), change(Freezing, Water, from(State), to(State))), Freezing = 'Freezing', Heat = 'heat', Water = 'water', State = 'its[A hand lens] liquid state', State = 'its[its liquid state] solid state'.").
ie-target.rule9:: isa(E18S4-removal, "remove"), agent(E18S4-removal, A1S4-freezing), isa(A1S4-freezing, "Freezing"), object(E18S4-removal, A20S4-heat), isa(A20S4-heat, "heat") -> enable(E18S4-removal, E3S4-change), isa(E3S4-change, "change"), agent(E3S4-change, A1S4-freezing), object(E3S4-change, A4S4-water), isa(A4S4-water, "water"), from(E3S4-change, A8S4-state), isa(A8S4-state, "its[A hand lens] liquid state"), to(E3S4-change, A12S4-state), isa(A12S4-state, "its[its liquid state] solid state").
english(ie-target.rule10, "Freezing involves changing water from its[A hand lens] liquid state to its[its liquid state] solid state ice by the removal of heat").
pretty(ie-target.rule10, "ENABLE(remove(Freezing, Heat), change(Freezing, Water, from(State), to(State))), Freezing = 'Freezing', Heat = 'heat', Water = 'water', State = 'its[A hand lens] liquid state', State = 'its[its liquid state] solid state'.").
ie-target.rule10:: isa(E3S4-change, "change"), agent(E3S4-change, A1S4-freezing), isa(A1S4-freezing, "Freezing"), object(E3S4-change, A4S4-water), isa(A4S4-water, "water"), from(E3S4-change, A8S4-state), isa(A8S4-state, "its[A hand lens] liquid state"), to(E3S4-change, A12S4-state), isa(A12S4-state, "its[its liquid state] solid state") -> enable(E18S4-removal, E3S4-change), isa(E18S4-removal, "remove"), agent(E18S4-removal, A1S4-freezing), object(E18S4-removal, A20S4-heat), isa(A20S4-heat, "heat").


% ("Animals" "not make" "their[some animals] own food")	"so"/EFFECT	("some animals" "eat" "")

@prefix  rdf: <http://www.w3.org/1999/02/22-rdf-syntax-ns#> .
@prefix  rel: <http://aristo.allenai.org/rel/> .
@prefix pred: <http://aristo.allenai.org/pred/> .

# Named toplevel resources (3)

<http://aristo.allenai.org/id#ie-target/5_1>
	a <entity> ;
	pred:isa "\"Animals\"" .

<http://aristo.allenai.org/id#ie-target/5_4>
	a <event> ;
	pred:agent <http://aristo.allenai.org/id#ie-target/5_1> ;
	pred:isa "\"not make\"" ;
	pred:object <http://aristo.allenai.org/id#ie-target/5_7> ;
	rel:effect <http://aristo.allenai.org/id#ie-target/5_11> .

<http://aristo.allenai.org/id#ie-target/5_7>
	a <entity> ;
	pred:isa "\"their[some animals] own food\"" .

@prefix  rdf: <http://www.w3.org/1999/02/22-rdf-syntax-ns#> .
@prefix pred: <http://aristo.allenai.org/pred/> .

# Named toplevel resources (2)

<http://aristo.allenai.org/id#ie-target/2_3>
	a <entity> ;
	pred:isa "\"some animals\"" .

<http://aristo.allenai.org/id#ie-target/5_11>
	a <event> ;
	pred:agent <http://aristo.allenai.org/id#ie-target/2_3> ;
	pred:isa "\"eat\"" .
english(ie-target.rule11, "Animals can not make their[some animals] own food so they[some animals] must eat to get nutrients").
pretty(ie-target.rule11, "EFFECT(not make(Animal, Food), eat(Animal)), Animal = 'Animals', Food = 'their[some animals] own food', Animal = 'some animals'.").
ie-target.rule11:: isa(E4S5-make, "not make"), agent(E4S5-make, A1S5-animal), isa(A1S5-animal, "Animals"), object(E4S5-make, A7S5-food), isa(A7S5-food, "their[some animals] own food") -> effect(E4S5-make, E11S5-eat), isa(E11S5-eat, "eat"), agent(E11S5-eat, A3S2-animal), isa(A3S2-animal, "some animals").
english(ie-target.rule12, "Animals can not make their[some animals] own food so they[some animals] must eat to get nutrients").
pretty(ie-target.rule12, "EFFECT(not make(Animal, Food), eat(Animal)), Animal = 'Animals', Food = 'their[some animals] own food', Animal = 'some animals'.").
ie-target.rule12:: isa(E11S5-eat, "eat"), agent(E11S5-eat, A3S2-animal), isa(A3S2-animal, "some animals") -> effect(E4S5-make, E11S5-eat), isa(E4S5-make, "not make"), agent(E4S5-make, A1S5-animal), isa(A1S5-animal, "Animals"), object(E4S5-make, A7S5-food), isa(A7S5-food, "their[some animals] own food").


% ("some animals"/?x "eat" "")	"to"/REQUIREMENT	("some animals"/?x "get" "nutrients")

@prefix  rdf: <http://www.w3.org/1999/02/22-rdf-syntax-ns#> .
@prefix  rel: <http://aristo.allenai.org/rel/> .
@prefix pred: <http://aristo.allenai.org/pred/> .

# Named toplevel resources (2)

<http://aristo.allenai.org/id#ie-target/2_3>
	a <entity> ;
	pred:isa "\"some animals\"" .

<http://aristo.allenai.org/id#ie-target/5_11>
	a <event> ;
	pred:agent <http://aristo.allenai.org/id#ie-target/2_3> ;
	pred:isa "\"eat\"" ;
	rel:requirement <http://aristo.allenai.org/id#ie-target/5_13> .

@prefix  rdf: <http://www.w3.org/1999/02/22-rdf-syntax-ns#> .
@prefix pred: <http://aristo.allenai.org/pred/> .

# Named toplevel resources (3)

<http://aristo.allenai.org/id#ie-target/2_3>
	a <entity> ;
	pred:isa "\"some animals\"" .

<http://aristo.allenai.org/id#ie-target/5_13>
	a <event> ;
	pred:agent <http://aristo.allenai.org/id#ie-target/2_3> ;
	pred:isa "\"get\"" ;
	pred:object <http://aristo.allenai.org/id#ie-target/5_14> .

<http://aristo.allenai.org/id#ie-target/5_14>
	a <entity> ;
	pred:isa "\"nutrients\"" .
english(ie-target.rule13, "Animals can not make their[some animals] own food so they[some animals] must eat to get nutrients").
pretty(ie-target.rule13, "REQUIREMENT(eat(Animal), get(Animal, Nutrient)), Animal = 'some animals', Nutrient = 'nutrients'.").
ie-target.rule13:: isa(E11S5-eat, "eat"), agent(E11S5-eat, A3S2-animal), isa(A3S2-animal, "some animals") -> requirement(E11S5-eat, E13S5-get), isa(E13S5-get, "get"), agent(E13S5-get, A3S2-animal), object(E13S5-get, A14S5-nutrient), isa(A14S5-nutrient, "nutrients").
english(ie-target.rule14, "Animals can not make their[some animals] own food so they[some animals] must eat to get nutrients").
pretty(ie-target.rule14, "REQUIREMENT(eat(Animal), get(Animal, Nutrient)), Animal = 'some animals', Nutrient = 'nutrients'.").
ie-target.rule14:: isa(E13S5-get, "get"), agent(E13S5-get, A3S2-animal), isa(A3S2-animal, "some animals"), object(E13S5-get, A14S5-nutrient), isa(A14S5-nutrient, "nutrients") -> requirement(E11S5-eat, E13S5-get), isa(E11S5-eat, "eat"), agent(E11S5-eat, A3S2-animal).


% ("The friction between the two surfaces" "convert" "kinetic energy" [ "into heat" ] )

@prefix  rdf: <http://www.w3.org/1999/02/22-rdf-syntax-ns#> .
@prefix pred: <http://aristo.allenai.org/pred/> .

# Named toplevel resources (4)

<http://aristo.allenai.org/id#ie-target/6_11>
	pred:isa "\"heat\"" .

<http://aristo.allenai.org/id#ie-target/6_2>
	a <entity> ;
	pred:isa "\"The friction between the two surfaces\"" .

<http://aristo.allenai.org/id#ie-target/6_7>
	a <event> ;
	pred:agent <http://aristo.allenai.org/id#ie-target/6_2> ;
	pred:into <http://aristo.allenai.org/id#ie-target/6_11> ;
	pred:isa "\"convert\"" ;
	pred:object <http://aristo.allenai.org/id#ie-target/6_9> .

<http://aristo.allenai.org/id#ie-target/6_9>
	a <entity> ;
	pred:isa "\"kinetic energy\"" .

english(ie-target.rule15, "The friction between the two surfaces converts kinetic energy into heat").
pretty(ie-target.rule15, "convert(Friction, Energy, into(Heat)), Friction = 'The friction between the two surfaces', Energy = 'kinetic energy', Heat = 'heat'.").
ie-target.rule15:: isa(E7S6-convert, "convert") -> agent(E7S6-convert, A2S6-friction), isa(A2S6-friction, "The friction between the two surfaces"), object(E7S6-convert, A9S6-energy), isa(A9S6-energy, "kinetic energy"), into(E7S6-convert, A11S6-heat), isa(A11S6-heat, "heat").
english(ie-target.rule16, "The friction between the two surfaces converts kinetic energy into heat").
pretty(ie-target.rule16, "convert(Friction, Energy, into(Heat)), Friction = 'The friction between the two surfaces', Energy = 'kinetic energy', Heat = 'heat'.").
ie-target.rule16:: isa(A2S6-friction, "The friction between the two surfaces") -> isa(E7S6-convert, "convert"), agent(E7S6-convert, A2S6-friction), object(E7S6-convert, A9S6-energy), isa(A9S6-energy, "kinetic energy"), into(E7S6-convert, A11S6-heat), isa(A11S6-heat, "heat").
english(ie-target.rule17, "The friction between the two surfaces converts kinetic energy into heat").
pretty(ie-target.rule17, "convert(Friction, Energy, into(Heat)), Friction = 'The friction between the two surfaces', Energy = 'kinetic energy', Heat = 'heat'.").
ie-target.rule17:: isa(A9S6-energy, "kinetic energy") -> isa(E7S6-convert, "convert"), agent(E7S6-convert, A2S6-friction), isa(A2S6-friction, "The friction between the two surfaces"), object(E7S6-convert, A9S6-energy), into(E7S6-convert, A11S6-heat), isa(A11S6-heat, "heat").
english(ie-target.rule18, "The friction between the two surfaces converts kinetic energy into heat").
pretty(ie-target.rule18, "convert(Friction, Energy, into(Heat)), Friction = 'The friction between the two surfaces', Energy = 'kinetic energy', Heat = 'heat'.").
ie-target.rule18:: isa(A11S6-heat, "heat") -> isa(E7S6-convert, "convert"), agent(E7S6-convert, A2S6-friction), isa(A2S6-friction, "The friction between the two surfaces"), object(E7S6-convert, A9S6-energy), isa(A9S6-energy, "kinetic energy"), into(E7S6-convert, A11S6-heat).


% ("" "get" "rest")	"part of"/PART	("" "live" "a healthy life")

@prefix  rdf: <http://www.w3.org/1999/02/22-rdf-syntax-ns#> .
@prefix  rel: <http://aristo.allenai.org/rel/> .
@prefix pred: <http://aristo.allenai.org/pred/> .

# Named toplevel resources (2)

<http://aristo.allenai.org/id#ie-target/7_1>
	a <event> ;
	pred:isa "\"get\"" ;
	pred:object <http://aristo.allenai.org/id#ie-target/7_3> ;
	rel:part <http://aristo.allenai.org/id#ie-target/7_10> .

<http://aristo.allenai.org/id#ie-target/7_3>
	a <entity> ;
	pred:isa "\"rest\"" .

@prefix  rdf: <http://www.w3.org/1999/02/22-rdf-syntax-ns#> .
@prefix pred: <http://aristo.allenai.org/pred/> .

# Named toplevel resources (2)

<http://aristo.allenai.org/id#ie-target/7_10>
	a <event> ;
	pred:isa "\"live\"" ;
	pred:object <http://aristo.allenai.org/id#ie-target/7_13> .

<http://aristo.allenai.org/id#ie-target/7_13>
	a <entity> ;
	pred:isa "\"a healthy life\"" .
english(ie-target.rule19, "Getting enough rest is also an important part of living a healthy life").
pretty(ie-target.rule19, "PART(get(Rest), live(Life)), Rest = 'rest', Life = 'a healthy life'.").
ie-target.rule19:: isa(E1S7-get, "get"), object(E1S7-get, A3S7-rest), isa(A3S7-rest, "rest") -> part(E1S7-get, E10S7-live), isa(E10S7-live, "live"), object(E10S7-live, A13S7-life), isa(A13S7-life, "a healthy life").
english(ie-target.rule20, "Getting enough rest is also an important part of living a healthy life").
pretty(ie-target.rule20, "PART(get(Rest), live(Life)), Rest = 'rest', Life = 'a healthy life'.").
ie-target.rule20:: isa(E10S7-live, "live"), object(E10S7-live, A13S7-life), isa(A13S7-life, "a healthy life") -> part(E1S7-get, E10S7-live), isa(E1S7-get, "get"), object(E1S7-get, A3S7-rest), isa(A3S7-rest, "rest").


% "Decomposers"	"are"/EXAMPLE	("living things" "break down" "dead organisms")

@prefix  rdf: <http://www.w3.org/1999/02/22-rdf-syntax-ns#> .
@prefix  rel: <http://aristo.allenai.org/rel/> .
@prefix pred: <http://aristo.allenai.org/pred/> .

# Named toplevel resources (1)

<http://aristo.allenai.org/id#ie-target/10_1>
	a <entity> ;
	pred:isa <http://aristo.allenai.org/id#ie-target/10_4> ,
		 "\"Decomposers\"" ;
	rel:example <http://aristo.allenai.org/id#ie-target/10_4> .

@prefix  rdf: <http://www.w3.org/1999/02/22-rdf-syntax-ns#> .
@prefix pred: <http://aristo.allenai.org/pred/> .

# Named toplevel resources (3)

<http://aristo.allenai.org/id#ie-target/10_4>
	a <entity> ;
	pred:isa "\"living things\"" .

<http://aristo.allenai.org/id#ie-target/10_6>
	a <event> ;
	pred:agent <http://aristo.allenai.org/id#ie-target/10_4> ;
	pred:isa "\"break down\"" ;
	pred:object <http://aristo.allenai.org/id#ie-target/10_9> .

<http://aristo.allenai.org/id#ie-target/10_9>
	a <entity> ;
	pred:isa "\"dead organisms\"" .
english(ie-target.rule21, "Decomposers are living things that break down dead organisms and recycle their[dead organisms] nutrients into the soil").
pretty(ie-target.rule21, "EXAMPLE(Decomposer, Thing) & break down(Decomposer, Organism), Decomposer = 'Decomposers', Thing = 'living things', Organism = 'dead organisms'.").
ie-target.rule21:: isa(A1S10-decomposer, "Decomposers") -> example(A1S10-decomposer, A4S10-thing), isa(E6S10-break, "break down"), agent(E6S10-break, A4S10-thing), isa(A4S10-thing, "living things"), object(E6S10-break, A9S10-organism), isa(A9S10-organism, "dead organisms"), isa(A1S10-decomposer, A4S10-thing).
english(ie-target.rule22, "Decomposers are living things that break down dead organisms and recycle their[dead organisms] nutrients into the soil").
pretty(ie-target.rule22, "EXAMPLE(Decomposer, Thing) & break down(Decomposer, Organism), Decomposer = 'Decomposers', Thing = 'living things', Organism = 'dead organisms'.").
ie-target.rule22:: isa(E6S10-break, "break down"), agent(E6S10-break, A4S10-thing), isa(A4S10-thing, "living things"), object(E6S10-break, A9S10-organism), isa(A9S10-organism, "dead organisms") -> example(A1S10-decomposer, A4S10-thing), isa(A1S10-decomposer, "Decomposers"), isa(A1S10-decomposer, A4S10-thing).


% "Decomposers"	"are"/EXAMPLE	("living things" "recycle" "their[dead organisms] nutrients" [ "into the soil" ] )

@prefix  rdf: <http://www.w3.org/1999/02/22-rdf-syntax-ns#> .
@prefix  rel: <http://aristo.allenai.org/rel/> .
@prefix pred: <http://aristo.allenai.org/pred/> .

# Named toplevel resources (1)

<http://aristo.allenai.org/id#ie-target/10_1>
	a <entity> ;
	pred:isa <http://aristo.allenai.org/id#ie-target/10_4> ,
		 "\"Decomposers\"" ;
	rel:example <http://aristo.allenai.org/id#ie-target/10_4> .

@prefix  rdf: <http://www.w3.org/1999/02/22-rdf-syntax-ns#> .
@prefix pred: <http://aristo.allenai.org/pred/> .

# Named toplevel resources (4)

<http://aristo.allenai.org/id#ie-target/10_11>
	a <event> ;
	pred:agent <http://aristo.allenai.org/id#ie-target/10_4> ;
	pred:into <http://aristo.allenai.org/id#ie-target/10_16> ;
	pred:isa "\"recycle\"" ;
	pred:object <http://aristo.allenai.org/id#ie-target/10_13> .

<http://aristo.allenai.org/id#ie-target/10_13>
	a <entity> ;
	pred:isa "\"their[dead organisms] nutrients\"" .

<http://aristo.allenai.org/id#ie-target/10_16>
	pred:isa "\"the soil\"" .

<http://aristo.allenai.org/id#ie-target/10_4>
	a <entity> ;
	pred:isa "\"living things\"" .
english(ie-target.rule23, "Decomposers are living things that break down dead organisms and recycle their[dead organisms] nutrients into the soil").
pretty(ie-target.rule23, "EXAMPLE(Decomposer, Thing) & recycle(Decomposer, Nutrient, into(Soil)), Decomposer = 'Decomposers', Thing = 'living things', Nutrient = 'their[dead organisms] nutrients', Soil = 'the soil'.").
ie-target.rule23:: isa(A1S10-decomposer, "Decomposers") -> example(A1S10-decomposer, A4S10-thing), isa(E11S10-recycle, "recycle"), agent(E11S10-recycle, A4S10-thing), isa(A4S10-thing, "living things"), object(E11S10-recycle, A13S10-nutrient), isa(A13S10-nutrient, "their[dead organisms] nutrients"), into(E11S10-recycle, A16S10-soil), isa(A16S10-soil, "the soil"), isa(A1S10-decomposer, A4S10-thing).
english(ie-target.rule24, "Decomposers are living things that break down dead organisms and recycle their[dead organisms] nutrients into the soil").
pretty(ie-target.rule24, "EXAMPLE(Decomposer, Thing) & recycle(Decomposer, Nutrient, into(Soil)), Decomposer = 'Decomposers', Thing = 'living things', Nutrient = 'their[dead organisms] nutrients', Soil = 'the soil'.").
ie-target.rule24:: isa(E11S10-recycle, "recycle"), agent(E11S10-recycle, A4S10-thing), isa(A4S10-thing, "living things"), object(E11S10-recycle, A13S10-nutrient), isa(A13S10-nutrient, "their[dead organisms] nutrients"), into(E11S10-recycle, A16S10-soil), isa(A16S10-soil, "the soil") -> example(A1S10-decomposer, A4S10-thing), isa(A1S10-decomposer, "Decomposers"), isa(A1S10-decomposer, A4S10-thing).


% "Decomposers"	"are"/EXAMPLE	"living things"

@prefix  rdf: <http://www.w3.org/1999/02/22-rdf-syntax-ns#> .
@prefix  rel: <http://aristo.allenai.org/rel/> .
@prefix pred: <http://aristo.allenai.org/pred/> .

# Named toplevel resources (1)

<http://aristo.allenai.org/id#ie-target/10_1>
	a <entity> ;
	pred:isa "\"Decomposers\"" ;
	rel:example <http://aristo.allenai.org/id#ie-target/10_4> .

@prefix  rdf: <http://www.w3.org/1999/02/22-rdf-syntax-ns#> .
@prefix pred: <http://aristo.allenai.org/pred/> .

# Named toplevel resources (1)

<http://aristo.allenai.org/id#ie-target/10_4>
	a <entity> ;
	pred:isa "\"living things\"" .
english(ie-target.rule25, "Decomposers are living things that break down dead organisms and recycle their[dead organisms] nutrients into the soil").
pretty(ie-target.rule25, "EXAMPLE(Decomposer, Thing), Decomposer = 'Decomposers', Thing = 'living things'.").
ie-target.rule25:: isa(A1S10-decomposer, "Decomposers") -> example(A1S10-decomposer, A4S10-thing), isa(A4S10-thing, "living things").
english(ie-target.rule26, "Decomposers are living things that break down dead organisms and recycle their[dead organisms] nutrients into the soil").
pretty(ie-target.rule26, "EXAMPLE(Decomposer, Thing), Decomposer = 'Decomposers', Thing = 'living things'.").
ie-target.rule26:: isa(A4S10-thing, "living things") -> example(A1S10-decomposer, A4S10-thing), isa(A1S10-decomposer, "Decomposers").


% "Gravity"	"is"/EXAMPLE	("the force" "pull" "" [ "an object toward the center of the Earth" ] )

@prefix  rdf: <http://www.w3.org/1999/02/22-rdf-syntax-ns#> .
@prefix  rel: <http://aristo.allenai.org/rel/> .
@prefix pred: <http://aristo.allenai.org/pred/> .

# Named toplevel resources (1)

<http://aristo.allenai.org/id#ie-target/11_1>
	a <entity> ;
	pred:isa <http://aristo.allenai.org/id#ie-target/11_4> ,
		 "\"Gravity\"" ;
	rel:example <http://aristo.allenai.org/id#ie-target/11_4> .

@prefix  rdf: <http://www.w3.org/1999/02/22-rdf-syntax-ns#> .
@prefix pred: <http://aristo.allenai.org/pred/> .

# Named toplevel resources (3)

<http://aristo.allenai.org/id#ie-target/11_4>
	a <entity> ;
	pred:isa "\"the force\"" .

<http://aristo.allenai.org/id#ie-target/11_6>
	a <event> ;
	pred:agent <http://aristo.allenai.org/id#ie-target/11_4> ;
	pred:arg <http://aristo.allenai.org/id#ie-target/11_8> ;
	pred:isa "\"pull\"" .

<http://aristo.allenai.org/id#ie-target/11_8>
	pred:isa "\"an object toward the center of the Earth\"" .
english(ie-target.rule27, "Gravity is the force that pulls an object toward the center of the Earth").
pretty(ie-target.rule27, "EXAMPLE(Gravity, Force) & pull(Gravity, Object), Gravity = 'Gravity', Force = 'the force', Object = 'an object toward the center of the Earth'.").
ie-target.rule27:: isa(A1S11-gravity, "Gravity") -> example(A1S11-gravity, A4S11-force), isa(E6S11-pull, "pull"), agent(E6S11-pull, A4S11-force), isa(A4S11-force, "the force"), arg(E6S11-pull, A8S11-object), isa(A8S11-object, "an object toward the center of the Earth"), isa(A1S11-gravity, A4S11-force).
english(ie-target.rule28, "Gravity is the force that pulls an object toward the center of the Earth").
pretty(ie-target.rule28, "EXAMPLE(Gravity, Force) & pull(Gravity, Object), Gravity = 'Gravity', Force = 'the force', Object = 'an object toward the center of the Earth'.").
ie-target.rule28:: isa(E6S11-pull, "pull"), agent(E6S11-pull, A4S11-force), isa(A4S11-force, "the force"), arg(E6S11-pull, A8S11-object), isa(A8S11-object, "an object toward the center of the Earth") -> example(A1S11-gravity, A4S11-force), isa(A1S11-gravity, "Gravity"), isa(A1S11-gravity, A4S11-force).


% "Gravity"	"is"/EXAMPLE	"the force"

@prefix  rdf: <http://www.w3.org/1999/02/22-rdf-syntax-ns#> .
@prefix  rel: <http://aristo.allenai.org/rel/> .
@prefix pred: <http://aristo.allenai.org/pred/> .

# Named toplevel resources (1)

<http://aristo.allenai.org/id#ie-target/11_1>
	a <entity> ;
	pred:isa "\"Gravity\"" ;
	rel:example <http://aristo.allenai.org/id#ie-target/11_4> .

@prefix  rdf: <http://www.w3.org/1999/02/22-rdf-syntax-ns#> .
@prefix pred: <http://aristo.allenai.org/pred/> .

# Named toplevel resources (1)

<http://aristo.allenai.org/id#ie-target/11_4>
	a <entity> ;
	pred:isa "\"the force\"" .
english(ie-target.rule29, "Gravity is the force that pulls an object toward the center of the Earth").
pretty(ie-target.rule29, "EXAMPLE(Gravity, Force), Gravity = 'Gravity', Force = 'the force'.").
ie-target.rule29:: isa(A1S11-gravity, "Gravity") -> example(A1S11-gravity, A4S11-force), isa(A4S11-force, "the force").
english(ie-target.rule30, "Gravity is the force that pulls an object toward the center of the Earth").
pretty(ie-target.rule30, "EXAMPLE(Gravity, Force), Gravity = 'Gravity', Force = 'the force'.").
ie-target.rule30:: isa(A4S11-force, "the force") -> example(A1S11-gravity, A4S11-force), isa(A1S11-gravity, "Gravity").


% "sweat"	"is way"/EXAMPLE	("an organism" "adjust" "sweat" [ "to hot temperatures" ] )

@prefix  rdf: <http://www.w3.org/1999/02/22-rdf-syntax-ns#> .
@prefix  rel: <http://aristo.allenai.org/rel/> .
@prefix pred: <http://aristo.allenai.org/pred/> .

# Named toplevel resources (1)

<http://aristo.allenai.org/id#ie-target/12_6>
	a <entity> ;
	pred:isa "\"sweat\"" ;
	rel:example <http://aristo.allenai.org/id#ie-target/12_14> .

@prefix  rdf: <http://www.w3.org/1999/02/22-rdf-syntax-ns#> .
@prefix pred: <http://aristo.allenai.org/pred/> .

# Named toplevel resources (4)

<http://aristo.allenai.org/id#ie-target/12_12>
	a <entity> ;
	pred:isa "\"an organism\"" .

<http://aristo.allenai.org/id#ie-target/12_14>
	a <event> ;
	pred:agent <http://aristo.allenai.org/id#ie-target/12_12> ;
	pred:isa "\"adjust\"" ;
	pred:object <http://aristo.allenai.org/id#ie-target/12_6> ;
	pred:to <http://aristo.allenai.org/id#ie-target/12_17> .

<http://aristo.allenai.org/id#ie-target/12_17>
	pred:isa "\"hot temperatures\"" .

<http://aristo.allenai.org/id#ie-target/12_6>
	a <entity> ;
	pred:isa "\"sweat\"" .
english(ie-target.rule31, "A human 's body produces sweat is a way that an organism may adjust to hot temperatures").
pretty(ie-target.rule31, "EXAMPLE(Sweat, adjust(Organism, Sweat, to(Temperature))), Sweat = 'sweat', Organism = 'an organism', Temperature = 'hot temperatures'.").
ie-target.rule31:: isa(A6S12-sweat, "sweat") -> example(A6S12-sweat, E14S12-adjust), isa(E14S12-adjust, "adjust"), agent(E14S12-adjust, A12S12-organism), isa(A12S12-organism, "an organism"), object(E14S12-adjust, A6S12-sweat), to(E14S12-adjust, A17S12-temperature), isa(A17S12-temperature, "hot temperatures").
english(ie-target.rule32, "A human 's body produces sweat is a way that an organism may adjust to hot temperatures").
pretty(ie-target.rule32, "EXAMPLE(Sweat, adjust(Organism, Sweat, to(Temperature))), Sweat = 'sweat', Organism = 'an organism', Temperature = 'hot temperatures'.").
ie-target.rule32:: isa(E14S12-adjust, "adjust"), agent(E14S12-adjust, A12S12-organism), isa(A12S12-organism, "an organism"), object(E14S12-adjust, A6S12-sweat), isa(A6S12-sweat, "sweat"), to(E14S12-adjust, A17S12-temperature), isa(A17S12-temperature, "hot temperatures") -> example(A6S12-sweat, E14S12-adjust).


% "sweat"	"is way"/EXAMPLE	("an organism" "adjust" "a way" [ "to hot temperatures" ] )

@prefix  rdf: <http://www.w3.org/1999/02/22-rdf-syntax-ns#> .
@prefix  rel: <http://aristo.allenai.org/rel/> .
@prefix pred: <http://aristo.allenai.org/pred/> .

# Named toplevel resources (1)

<http://aristo.allenai.org/id#ie-target/12_6>
	a <entity> ;
	pred:isa "\"sweat\"" ;
	rel:example <http://aristo.allenai.org/id#ie-target/12_14> .

@prefix  rdf: <http://www.w3.org/1999/02/22-rdf-syntax-ns#> .
@prefix pred: <http://aristo.allenai.org/pred/> .

# Named toplevel resources (4)

<http://aristo.allenai.org/id#ie-target/12_12>
	a <entity> ;
	pred:isa "\"an organism\"" .

<http://aristo.allenai.org/id#ie-target/12_14>
	a <event> ;
	pred:agent <http://aristo.allenai.org/id#ie-target/12_12> ;
	pred:isa "\"adjust\"" ;
	pred:object <http://aristo.allenai.org/id#ie-target/12_9> ;
	pred:to <http://aristo.allenai.org/id#ie-target/12_17> .

<http://aristo.allenai.org/id#ie-target/12_17>
	pred:isa "\"hot temperatures\"" .

<http://aristo.allenai.org/id#ie-target/12_9>
	a <entity> ;
	pred:isa "\"a way\"" .
english(ie-target.rule33, "A human 's body produces sweat is a way that an organism may adjust to hot temperatures").
pretty(ie-target.rule33, "EXAMPLE(Sweat, adjust(Organism, Way, to(Temperature))), Sweat = 'sweat', Organism = 'an organism', Way = 'a way', Temperature = 'hot temperatures'.").
ie-target.rule33:: isa(A6S12-sweat, "sweat") -> example(A6S12-sweat, E14S12-adjust), isa(E14S12-adjust, "adjust"), agent(E14S12-adjust, A12S12-organism), isa(A12S12-organism, "an organism"), object(E14S12-adjust, A9S12-way), isa(A9S12-way, "a way"), to(E14S12-adjust, A17S12-temperature), isa(A17S12-temperature, "hot temperatures").
english(ie-target.rule34, "A human 's body produces sweat is a way that an organism may adjust to hot temperatures").
pretty(ie-target.rule34, "EXAMPLE(Sweat, adjust(Organism, Way, to(Temperature))), Sweat = 'sweat', Organism = 'an organism', Way = 'a way', Temperature = 'hot temperatures'.").
ie-target.rule34:: isa(E14S12-adjust, "adjust"), agent(E14S12-adjust, A12S12-organism), isa(A12S12-organism, "an organism"), object(E14S12-adjust, A9S12-way), isa(A9S12-way, "a way"), to(E14S12-adjust, A17S12-temperature), isa(A17S12-temperature, "hot temperatures") -> example(A6S12-sweat, E14S12-adjust), isa(A6S12-sweat, "sweat").


% ("A squirrel"/?x "store" "nuts")	""/EFFECT	("A squirrel"/?x "prepare" "" [ "for a seasonal change in the environment" ] )

@prefix  rdf: <http://www.w3.org/1999/02/22-rdf-syntax-ns#> .
@prefix  rel: <http://aristo.allenai.org/rel/> .
@prefix pred: <http://aristo.allenai.org/pred/> .

# Named toplevel resources (3)

<http://aristo.allenai.org/id#ie-target/13_2>
	a <entity> ;
	pred:isa "\"A squirrel\"" .

<http://aristo.allenai.org/id#ie-target/13_3>
	a <event> ;
	pred:agent <http://aristo.allenai.org/id#ie-target/13_2> ;
	pred:isa "\"store\"" ;
	pred:object <http://aristo.allenai.org/id#ie-target/13_4> ;
	rel:effect <http://aristo.allenai.org/id#ie-target/13_6> .

<http://aristo.allenai.org/id#ie-target/13_4>
	a <entity> ;
	pred:isa "\"nuts\"" .

@prefix  rdf: <http://www.w3.org/1999/02/22-rdf-syntax-ns#> .
@prefix pred: <http://aristo.allenai.org/pred/> .

# Named toplevel resources (3)

<http://aristo.allenai.org/id#ie-target/13_10>
	pred:isa "\"a seasonal change in the environment\"" .

<http://aristo.allenai.org/id#ie-target/13_2>
	a <entity> ;
	pred:isa "\"A squirrel\"" .

<http://aristo.allenai.org/id#ie-target/13_6>
	a <event> ;
	pred:agent <http://aristo.allenai.org/id#ie-target/13_2> ;
	pred:for <http://aristo.allenai.org/id#ie-target/13_10> ;
	pred:isa "\"prepare\"" .
english(ie-target.rule35, "A squirrel storing nuts is preparing for a seasonal change in the environment").
pretty(ie-target.rule35, "EFFECT(store(Squirrel, Nut), prepare(Squirrel, for(Change))), Squirrel = 'A squirrel', Nut = 'nuts', Change = 'a seasonal change in the environment'.").
ie-target.rule35:: isa(E3S13-store, "store"), agent(E3S13-store, A2S13-squirrel), isa(A2S13-squirrel, "A squirrel"), object(E3S13-store, A4S13-nut), isa(A4S13-nut, "nuts") -> effect(E3S13-store, E6S13-prepare), isa(E6S13-prepare, "prepare"), agent(E6S13-prepare, A2S13-squirrel), for(E6S13-prepare, A10S13-change), isa(A10S13-change, "a seasonal change in the environment").
english(ie-target.rule36, "A squirrel storing nuts is preparing for a seasonal change in the environment").
pretty(ie-target.rule36, "EFFECT(store(Squirrel, Nut), prepare(Squirrel, for(Change))), Squirrel = 'A squirrel', Nut = 'nuts', Change = 'a seasonal change in the environment'.").
ie-target.rule36:: isa(E6S13-prepare, "prepare"), agent(E6S13-prepare, A2S13-squirrel), isa(A2S13-squirrel, "A squirrel"), for(E6S13-prepare, A10S13-change), isa(A10S13-change, "a seasonal change in the environment") -> effect(E3S13-store, E6S13-prepare), isa(E3S13-store, "store"), agent(E3S13-store, A2S13-squirrel), object(E3S13-store, A4S13-nut), isa(A4S13-nut, "nuts").


% ("A student"/?x "use" "a hand lens")	"to"/EFFECT	("A student"/?x "get" "a better look at the spots")

@prefix  rdf: <http://www.w3.org/1999/02/22-rdf-syntax-ns#> .
@prefix  rel: <http://aristo.allenai.org/rel/> .
@prefix pred: <http://aristo.allenai.org/pred/> .

# Named toplevel resources (3)

<http://aristo.allenai.org/id#ie-target/14_2>
	a <entity> ;
	pred:isa "\"A student\"" .

<http://aristo.allenai.org/id#ie-target/14_4>
	a <event> ;
	pred:agent <http://aristo.allenai.org/id#ie-target/14_2> ;
	pred:isa "\"use\"" ;
	pred:object <http://aristo.allenai.org/id#ie-target/14_7> ;
	rel:effect <http://aristo.allenai.org/id#ie-target/14_9> .

<http://aristo.allenai.org/id#ie-target/14_7>
	a <entity> ;
	pred:isa "\"a hand lens\"" .

@prefix  rdf: <http://www.w3.org/1999/02/22-rdf-syntax-ns#> .
@prefix pred: <http://aristo.allenai.org/pred/> .

# Named toplevel resources (3)

<http://aristo.allenai.org/id#ie-target/14_12>
	a <entity> ;
	pred:isa "\"a better look at the spots\"" .

<http://aristo.allenai.org/id#ie-target/14_2>
	a <entity> ;
	pred:isa "\"A student\"" .

<http://aristo.allenai.org/id#ie-target/14_9>
	a <event> ;
	pred:agent <http://aristo.allenai.org/id#ie-target/14_2> ;
	pred:isa "\"get\"" ;
	pred:object <http://aristo.allenai.org/id#ie-target/14_12> .
english(ie-target.rule37, "A student should use a hand lens to get a better look at the spots").
pretty(ie-target.rule37, "EFFECT(use(Student, Lens), get(Student, Look)), Student = 'A student', Lens = 'a hand lens', Look = 'a better look at the spots'.").
ie-target.rule37:: isa(E4S14-use, "use"), agent(E4S14-use, A2S14-student), isa(A2S14-student, "A student"), object(E4S14-use, A7S14-lens), isa(A7S14-lens, "a hand lens") -> effect(E4S14-use, E9S14-get), isa(E9S14-get, "get"), agent(E9S14-get, A2S14-student), object(E9S14-get, A12S14-look), isa(A12S14-look, "a better look at the spots").
english(ie-target.rule38, "A student should use a hand lens to get a better look at the spots").
pretty(ie-target.rule38, "EFFECT(use(Student, Lens), get(Student, Look)), Student = 'A student', Lens = 'a hand lens', Look = 'a better look at the spots'.").
ie-target.rule38:: isa(E9S14-get, "get"), agent(E9S14-get, A2S14-student), isa(A2S14-student, "A student"), object(E9S14-get, A12S14-look), isa(A12S14-look, "a better look at the spots") -> effect(E4S14-use, E9S14-get), isa(E4S14-use, "use"), agent(E4S14-use, A2S14-student), object(E4S14-use, A7S14-lens), isa(A7S14-lens, "a hand lens").


% ("" "decrease" "the temperature")	"is way"/EFFECT	("" "change" "water" [ "from a liquid", "to a solid" ] )

@prefix  rdf: <http://www.w3.org/1999/02/22-rdf-syntax-ns#> .
@prefix  rel: <http://aristo.allenai.org/rel/> .
@prefix pred: <http://aristo.allenai.org/pred/> .

# Named toplevel resources (2)

<http://aristo.allenai.org/id#ie-target/15_1>
	a <event> ;
	pred:isa "\"decrease\"" ;
	pred:object <http://aristo.allenai.org/id#ie-target/15_3> ;
	rel:effect <http://aristo.allenai.org/id#ie-target/15_8> .

<http://aristo.allenai.org/id#ie-target/15_3>
	a <entity> ;
	pred:isa "\"the temperature\"" .

@prefix  rdf: <http://www.w3.org/1999/02/22-rdf-syntax-ns#> .
@prefix pred: <http://aristo.allenai.org/pred/> .

# Named toplevel resources (4)

<http://aristo.allenai.org/id#ie-target/15_12>
	pred:isa "\"a liquid\"" .

<http://aristo.allenai.org/id#ie-target/15_15>
	pred:isa "\"a solid\"" .

<http://aristo.allenai.org/id#ie-target/15_8>
	a <event> ;
	pred:from <http://aristo.allenai.org/id#ie-target/15_12> ;
	pred:isa "\"change\"" ;
	pred:object <http://aristo.allenai.org/id#ie-target/15_9> ;
	pred:to <http://aristo.allenai.org/id#ie-target/15_15> .

<http://aristo.allenai.org/id#ie-target/15_9>
	a <entity> ;
	pred:isa "\"water\"" .
english(ie-target.rule39, "Decreasing the temperature is one way to change water from a liquid to a solid").
pretty(ie-target.rule39, "EFFECT(decrease(Temperature), change(Water, from(Liquid), to(Solid))), Temperature = 'the temperature', Water = 'water', Liquid = 'a liquid', Solid = 'a solid'.").
ie-target.rule39:: isa(E1S15-decrease, "decrease"), object(E1S15-decrease, A3S15-temperature), isa(A3S15-temperature, "the temperature") -> effect(E1S15-decrease, E8S15-change), isa(E8S15-change, "change"), object(E8S15-change, A9S15-water), isa(A9S15-water, "water"), from(E8S15-change, A12S15-liquid), isa(A12S15-liquid, "a liquid"), to(E8S15-change, A15S15-solid), isa(A15S15-solid, "a solid").
english(ie-target.rule40, "Decreasing the temperature is one way to change water from a liquid to a solid").
pretty(ie-target.rule40, "EFFECT(decrease(Temperature), change(Water, from(Liquid), to(Solid))), Temperature = 'the temperature', Water = 'water', Liquid = 'a liquid', Solid = 'a solid'.").
ie-target.rule40:: isa(E8S15-change, "change"), object(E8S15-change, A9S15-water), isa(A9S15-water, "water"), from(E8S15-change, A12S15-liquid), isa(A12S15-liquid, "a liquid"), to(E8S15-change, A15S15-solid), isa(A15S15-solid, "a solid") -> effect(E1S15-decrease, E8S15-change), isa(E1S15-decrease, "decrease"), object(E1S15-decrease, A3S15-temperature), isa(A3S15-temperature, "the temperature").


% ("Animals" "get" "energy" [ "for growth from food", "for repair" ] )

@prefix  rdf: <http://www.w3.org/1999/02/22-rdf-syntax-ns#> .
@prefix pred: <http://aristo.allenai.org/pred/> .

# Named toplevel resources (5)

<http://aristo.allenai.org/id#ie-target/16_1>
	a <entity> ;
	pred:isa "\"Animals\"" .

<http://aristo.allenai.org/id#ie-target/16_2>
	a <event> ;
	pred:agent <http://aristo.allenai.org/id#ie-target/16_1> ;
	pred:for <http://aristo.allenai.org/id#ie-target/16_5> ,
		 <http://aristo.allenai.org/id#ie-target/16_7> ;
	pred:isa "\"get\"" ;
	pred:object <http://aristo.allenai.org/id#ie-target/16_3> .

<http://aristo.allenai.org/id#ie-target/16_3>
	a <entity> ;
	pred:isa "\"energy\"" .

<http://aristo.allenai.org/id#ie-target/16_5>
	pred:isa "\"growth from food\"" .

<http://aristo.allenai.org/id#ie-target/16_7>
	pred:isa "\"repair\"" .

english(ie-target.rule41, "Animals get energy for growth and repair from food").
pretty(ie-target.rule41, "get(Animal, Energy, for(Growth), for(Repair)), Animal = 'Animals', Energy = 'energy', Growth = 'growth from food', Repair = 'repair'.").
ie-target.rule41:: isa(E2S16-get, "get") -> agent(E2S16-get, A1S16-animal), isa(A1S16-animal, "Animals"), object(E2S16-get, A3S16-energy), isa(A3S16-energy, "energy"), for(E2S16-get, A5S16-growth), isa(A5S16-growth, "growth from food"), for(E2S16-get, A7S16-repair), isa(A7S16-repair, "repair").
english(ie-target.rule42, "Animals get energy for growth and repair from food").
pretty(ie-target.rule42, "get(Animal, Energy, for(Growth), for(Repair)), Animal = 'Animals', Energy = 'energy', Growth = 'growth from food', Repair = 'repair'.").
ie-target.rule42:: isa(A1S16-animal, "Animals") -> isa(E2S16-get, "get"), agent(E2S16-get, A1S16-animal), object(E2S16-get, A3S16-energy), isa(A3S16-energy, "energy"), for(E2S16-get, A5S16-growth), isa(A5S16-growth, "growth from food"), for(E2S16-get, A7S16-repair), isa(A7S16-repair, "repair").
english(ie-target.rule43, "Animals get energy for growth and repair from food").
pretty(ie-target.rule43, "get(Animal, Energy, for(Growth), for(Repair)), Animal = 'Animals', Energy = 'energy', Growth = 'growth from food', Repair = 'repair'.").
ie-target.rule43:: isa(A3S16-energy, "energy") -> isa(E2S16-get, "get"), agent(E2S16-get, A1S16-animal), isa(A1S16-animal, "Animals"), object(E2S16-get, A3S16-energy), for(E2S16-get, A5S16-growth), isa(A5S16-growth, "growth from food"), for(E2S16-get, A7S16-repair), isa(A7S16-repair, "repair").
english(ie-target.rule44, "Animals get energy for growth and repair from food").
pretty(ie-target.rule44, "get(Animal, Energy, for(Growth), for(Repair)), Animal = 'Animals', Energy = 'energy', Growth = 'growth from food', Repair = 'repair'.").
ie-target.rule44:: isa(A5S16-growth, "growth from food") -> isa(E2S16-get, "get"), agent(E2S16-get, A1S16-animal), isa(A1S16-animal, "Animals"), object(E2S16-get, A3S16-energy), isa(A3S16-energy, "energy"), for(E2S16-get, A5S16-growth), for(E2S16-get, A7S16-repair), isa(A7S16-repair, "repair").
english(ie-target.rule45, "Animals get energy for growth and repair from food").
pretty(ie-target.rule45, "get(Animal, Energy, for(Growth), for(Repair)), Animal = 'Animals', Energy = 'energy', Growth = 'growth from food', Repair = 'repair'.").
ie-target.rule45:: isa(A7S16-repair, "repair") -> isa(E2S16-get, "get"), agent(E2S16-get, A1S16-animal), isa(A1S16-animal, "Animals"), object(E2S16-get, A3S16-energy), isa(A3S16-energy, "energy"), for(E2S16-get, A5S16-growth), isa(A5S16-growth, "growth from food"), for(E2S16-get, A7S16-repair).


% "friction"	"caused"/CAUSE	("The heat" "produce" "the smoke")

@prefix  rdf: <http://www.w3.org/1999/02/22-rdf-syntax-ns#> .
@prefix  rel: <http://aristo.allenai.org/rel/> .
@prefix pred: <http://aristo.allenai.org/pred/> .

# Named toplevel resources (1)

<http://aristo.allenai.org/id#ie-target/17_10>
	a <entity> ;
	pred:isa "\"friction\"" ;
	rel:cause <http://aristo.allenai.org/id#ie-target/17_4> .

@prefix  rdf: <http://www.w3.org/1999/02/22-rdf-syntax-ns#> .
@prefix pred: <http://aristo.allenai.org/pred/> .

# Named toplevel resources (3)

<http://aristo.allenai.org/id#ie-target/17_2>
	a <entity> ;
	pred:isa "\"The heat\"" .

<http://aristo.allenai.org/id#ie-target/17_4>
	a <event> ;
	pred:agent <http://aristo.allenai.org/id#ie-target/17_2> ;
	pred:isa "\"produce\"" ;
	pred:object <http://aristo.allenai.org/id#ie-target/17_6> .

<http://aristo.allenai.org/id#ie-target/17_6>
	a <entity> ;
	pred:isa "\"the smoke\"" .
english(ie-target.rule46, "The heat that produces the smoke is caused by friction").
pretty(ie-target.rule46, "CAUSE(Friction, produce(Heat, Smoke)), Friction = 'friction', Heat = 'The heat', Smoke = 'the smoke'.").
ie-target.rule46:: isa(A10S17-friction, "friction") -> cause(A10S17-friction, E4S17-produce), isa(E4S17-produce, "produce"), agent(E4S17-produce, A2S17-heat), isa(A2S17-heat, "The heat"), object(E4S17-produce, A6S17-smoke), isa(A6S17-smoke, "the smoke").
english(ie-target.rule47, "The heat that produces the smoke is caused by friction").
pretty(ie-target.rule47, "CAUSE(Friction, produce(Heat, Smoke)), Friction = 'friction', Heat = 'The heat', Smoke = 'the smoke'.").
ie-target.rule47:: isa(E4S17-produce, "produce"), agent(E4S17-produce, A2S17-heat), isa(A2S17-heat, "The heat"), object(E4S17-produce, A6S17-smoke), isa(A6S17-smoke, "the smoke") -> cause(A10S17-friction, E4S17-produce), isa(A10S17-friction, "friction").


% ("humans"/?x "rest" "")	"necessary"/REQUIREMENT	("humans"/?x "maintain" "good health")

@prefix  rdf: <http://www.w3.org/1999/02/22-rdf-syntax-ns#> .
@prefix  rel: <http://aristo.allenai.org/rel/> .
@prefix pred: <http://aristo.allenai.org/pred/> .

# Named toplevel resources (2)

<http://aristo.allenai.org/id#ie-target/18_1>
	a <event> ;
	pred:agent <http://aristo.allenai.org/id#ie-target/18_5> ;
	pred:isa "\"rest\"" ;
	rel:requirement <http://aristo.allenai.org/id#ie-target/18_7> .

<http://aristo.allenai.org/id#ie-target/18_5>
	a <entity> ;
	pred:isa "\"humans\"" .

@prefix  rdf: <http://www.w3.org/1999/02/22-rdf-syntax-ns#> .
@prefix pred: <http://aristo.allenai.org/pred/> .

# Named toplevel resources (3)

<http://aristo.allenai.org/id#ie-target/18_5>
	a <entity> ;
	pred:isa "\"humans\"" .

<http://aristo.allenai.org/id#ie-target/18_7>
	a <event> ;
	pred:agent <http://aristo.allenai.org/id#ie-target/18_5> ;
	pred:isa "\"maintain\"" ;
	pred:object <http://aristo.allenai.org/id#ie-target/18_9> .

<http://aristo.allenai.org/id#ie-target/18_9>
	a <entity> ;
	pred:isa "\"good health\"" .
english(ie-target.rule48, "Resting is necessary for humans to maintain good health").
pretty(ie-target.rule48, "REQUIREMENT(rest(Human), maintain(Human, Health)), Human = 'humans', Health = 'good health'.").
ie-target.rule48:: isa(E1S18-rest, "rest"), agent(E1S18-rest, A5S18-human), isa(A5S18-human, "humans") -> requirement(E1S18-rest, E7S18-maintain), isa(E7S18-maintain, "maintain"), agent(E7S18-maintain, A5S18-human), object(E7S18-maintain, A9S18-health), isa(A9S18-health, "good health").
english(ie-target.rule49, "Resting is necessary for humans to maintain good health").
pretty(ie-target.rule49, "REQUIREMENT(rest(Human), maintain(Human, Health)), Human = 'humans', Health = 'good health'.").
ie-target.rule49:: isa(E7S18-maintain, "maintain"), agent(E7S18-maintain, A5S18-human), isa(A5S18-human, "humans"), object(E7S18-maintain, A9S18-health), isa(A9S18-health, "good health") -> requirement(E1S18-rest, E7S18-maintain), isa(E1S18-rest, "rest"), agent(E1S18-rest, A5S18-human).


% ("A student"/?x "use" "a graduated cylinder")	"to"/EFFECT	("A student"/?x "measure" "10 milliliters of water")

@prefix  rdf: <http://www.w3.org/1999/02/22-rdf-syntax-ns#> .
@prefix  rel: <http://aristo.allenai.org/rel/> .
@prefix pred: <http://aristo.allenai.org/pred/> .

# Named toplevel resources (3)

<http://aristo.allenai.org/id#ie-target/19_2>
	a <entity> ;
	pred:isa "\"A student\"" .

<http://aristo.allenai.org/id#ie-target/19_4>
	a <event> ;
	pred:agent <http://aristo.allenai.org/id#ie-target/19_2> ;
	pred:isa "\"use\"" ;
	pred:object <http://aristo.allenai.org/id#ie-target/19_7> ;
	rel:effect <http://aristo.allenai.org/id#ie-target/19_9> .

<http://aristo.allenai.org/id#ie-target/19_7>
	a <entity> ;
	pred:isa "\"a graduated cylinder\"" .

@prefix  rdf: <http://www.w3.org/1999/02/22-rdf-syntax-ns#> .
@prefix pred: <http://aristo.allenai.org/pred/> .

# Named toplevel resources (3)

<http://aristo.allenai.org/id#ie-target/19_12>
	a <entity> ;
	pred:isa "\"10 milliliters of water\"" .

<http://aristo.allenai.org/id#ie-target/19_2>
	a <entity> ;
	pred:isa "\"A student\"" .

<http://aristo.allenai.org/id#ie-target/19_9>
	a <event> ;
	pred:agent <http://aristo.allenai.org/id#ie-target/19_2> ;
	pred:isa "\"measure\"" ;
	pred:object <http://aristo.allenai.org/id#ie-target/19_12> .
% ("A student"/?x "use" "a graduated cylinder")	"to"/EFFECT	("A student"/?x "measure" "mL")

@prefix  rdf: <http://www.w3.org/1999/02/22-rdf-syntax-ns#> .
@prefix  rel: <http://aristo.allenai.org/rel/> .
@prefix pred: <http://aristo.allenai.org/pred/> .

# Named toplevel resources (3)

<http://aristo.allenai.org/id#ie-target/19_2>
	a <entity> ;
	pred:isa "\"A student\"" .

<http://aristo.allenai.org/id#ie-target/19_4>
	a <event> ;
	pred:agent <http://aristo.allenai.org/id#ie-target/19_2> ;
	pred:isa "\"use\"" ;
	pred:object <http://aristo.allenai.org/id#ie-target/19_7> ;
	rel:effect <http://aristo.allenai.org/id#ie-target/19_9> .

<http://aristo.allenai.org/id#ie-target/19_7>
	a <entity> ;
	pred:isa "\"a graduated cylinder\"" .

@prefix  rdf: <http://www.w3.org/1999/02/22-rdf-syntax-ns#> .
@prefix pred: <http://aristo.allenai.org/pred/> .

# Named toplevel resources (3)

<http://aristo.allenai.org/id#ie-target/19_14>
	a <entity> ;
	pred:isa "\"mL\"" .

<http://aristo.allenai.org/id#ie-target/19_2>
	a <entity> ;
	pred:isa "\"A student\"" .

<http://aristo.allenai.org/id#ie-target/19_9>
	a <event> ;
	pred:agent <http://aristo.allenai.org/id#ie-target/19_2> ;
	pred:isa "\"measure\"" ;
	pred:object <http://aristo.allenai.org/id#ie-target/19_14> .
english(ie-target.rule50, "A student should use a graduated cylinder to measure exactly 10 milliliters mL of water").
pretty(ie-target.rule50, "EFFECT(use(Student, Cylinder), measure(Student, Milliliter)), Student = 'A student', Cylinder = 'a graduated cylinder', Milliliter = '10 milliliters of water'.").
ie-target.rule50:: isa(E4S19-use, "use"), agent(E4S19-use, A2S19-student), isa(A2S19-student, "A student"), object(E4S19-use, A7S19-cylinder), isa(A7S19-cylinder, "a graduated cylinder") -> effect(E4S19-use, E9S19-measure), isa(E9S19-measure, "measure"), agent(E9S19-measure, A2S19-student), object(E9S19-measure, A12S19-milliliter), isa(A12S19-milliliter, "10 milliliters of water").
english(ie-target.rule51, "A student should use a graduated cylinder to measure exactly 10 milliliters mL of water").
pretty(ie-target.rule51, "EFFECT(use(Student, Cylinder), measure(Student, Milliliter)), Student = 'A student', Cylinder = 'a graduated cylinder', Milliliter = '10 milliliters of water'.").
ie-target.rule51:: isa(E9S19-measure, "measure"), agent(E9S19-measure, A2S19-student), isa(A2S19-student, "A student"), object(E9S19-measure, A12S19-milliliter), isa(A12S19-milliliter, "10 milliliters of water") -> effect(E4S19-use, E9S19-measure), isa(E4S19-use, "use"), agent(E4S19-use, A2S19-student), object(E4S19-use, A7S19-cylinder), isa(A7S19-cylinder, "a graduated cylinder").


english(ie-target.rule52, "A student should use a graduated cylinder to measure exactly 10 milliliters mL of water").
pretty(ie-target.rule52, "EFFECT(use(Student, Cylinder), measure(Student, Ml)), Student = 'A student', Cylinder = 'a graduated cylinder', Ml = 'mL'.").
ie-target.rule52:: isa(E4S19-use, "use"), agent(E4S19-use, A2S19-student), isa(A2S19-student, "A student"), object(E4S19-use, A7S19-cylinder), isa(A7S19-cylinder, "a graduated cylinder") -> effect(E4S19-use, E9S19-measure), isa(E9S19-measure, "measure"), agent(E9S19-measure, A2S19-student), object(E9S19-measure, A14S19-ml), isa(A14S19-ml, "mL").
english(ie-target.rule53, "A student should use a graduated cylinder to measure exactly 10 milliliters mL of water").
pretty(ie-target.rule53, "EFFECT(use(Student, Cylinder), measure(Student, Ml)), Student = 'A student', Cylinder = 'a graduated cylinder', Ml = 'mL'.").
ie-target.rule53:: isa(E9S19-measure, "measure"), agent(E9S19-measure, A2S19-student), isa(A2S19-student, "A student"), object(E9S19-measure, A14S19-ml), isa(A14S19-ml, "mL") -> effect(E4S19-use, E9S19-measure), isa(E4S19-use, "use"), agent(E4S19-use, A2S19-student), object(E4S19-use, A7S19-cylinder), isa(A7S19-cylinder, "a graduated cylinder").


% "The white fur of an arctic fox blends"	"is called"/EXAMPLE	"camouflage"

@prefix  rdf: <http://www.w3.org/1999/02/22-rdf-syntax-ns#> .
@prefix  rel: <http://aristo.allenai.org/rel/> .
@prefix pred: <http://aristo.allenai.org/pred/> .

# Named toplevel resources (1)

<http://aristo.allenai.org/id#ie-target/20_3>
	a <entity> ;
	pred:isa "\"The white fur of an arctic fox blends\"" ;
	rel:example <http://aristo.allenai.org/id#ie-target/20_15> .

@prefix  rdf: <http://www.w3.org/1999/02/22-rdf-syntax-ns#> .
@prefix pred: <http://aristo.allenai.org/pred/> .

# Named toplevel resources (1)

<http://aristo.allenai.org/id#ie-target/20_15>
	a <entity> ;
	pred:isa "\"camouflage\"" .
english(ie-target.rule54, "The white fur of an arctic fox blends in with the snow is called camouflage").
pretty(ie-target.rule54, "EXAMPLE(Fur, Camouflage), Fur = 'The white fur of an arctic fox blends', Camouflage = 'camouflage'.").
ie-target.rule54:: isa(A3S20-fur, "The white fur of an arctic fox blends") -> example(A3S20-fur, A15S20-camouflage), isa(A15S20-camouflage, "camouflage").
english(ie-target.rule55, "The white fur of an arctic fox blends in with the snow is called camouflage").
pretty(ie-target.rule55, "EXAMPLE(Fur, Camouflage), Fur = 'The white fur of an arctic fox blends', Camouflage = 'camouflage'.").
ie-target.rule55:: isa(A15S20-camouflage, "camouflage") -> example(A3S20-fur, A15S20-camouflage), isa(A3S20-fur, "The white fur of an arctic fox blends").


% "decomposers"	"help"/PURPOSE	("decomposers" "return" "nutrients" [ "to the food chain" ] )

@prefix  rdf: <http://www.w3.org/1999/02/22-rdf-syntax-ns#> .
@prefix  rel: <http://aristo.allenai.org/rel/> .
@prefix pred: <http://aristo.allenai.org/pred/> .

# Named toplevel resources (1)

<http://aristo.allenai.org/id#ie-target/21_7>
	a <entity> ;
	pred:isa "\"decomposers\"" ;
	rel:purpose <http://aristo.allenai.org/id#ie-target/21_9> .

@prefix  rdf: <http://www.w3.org/1999/02/22-rdf-syntax-ns#> .
@prefix pred: <http://aristo.allenai.org/pred/> .

# Named toplevel resources (4)

<http://aristo.allenai.org/id#ie-target/21_10>
	a <entity> ;
	pred:isa "\"nutrients\"" .

<http://aristo.allenai.org/id#ie-target/21_14>
	pred:isa "\"the food chain\"" .

<http://aristo.allenai.org/id#ie-target/21_7>
	a <entity> ;
	pred:isa "\"decomposers\"" .

<http://aristo.allenai.org/id#ie-target/21_9>
	a <event> ;
	pred:agent <http://aristo.allenai.org/id#ie-target/21_7> ;
	pred:isa "\"return\"" ;
	pred:object <http://aristo.allenai.org/id#ie-target/21_10> ;
	pred:to <http://aristo.allenai.org/id#ie-target/21_14> .
english(ie-target.rule56, "When plants and animals die decomposers help return nutrients to the food chain").
pretty(ie-target.rule56, "PURPOSE(Decomposer, return(Decomposer, Nutrient, to(Chain))), Decomposer = 'decomposers', Nutrient = 'nutrients', Chain = 'the food chain'.").
ie-target.rule56:: isa(A7S21-decomposer, "decomposers") -> purpose(A7S21-decomposer, E9S21-return), isa(E9S21-return, "return"), agent(E9S21-return, A7S21-decomposer), object(E9S21-return, A10S21-nutrient), isa(A10S21-nutrient, "nutrients"), to(E9S21-return, A14S21-chain), isa(A14S21-chain, "the food chain").
english(ie-target.rule57, "When plants and animals die decomposers help return nutrients to the food chain").
pretty(ie-target.rule57, "PURPOSE(Decomposer, return(Decomposer, Nutrient, to(Chain))), Decomposer = 'decomposers', Nutrient = 'nutrients', Chain = 'the food chain'.").
ie-target.rule57:: isa(E9S21-return, "return"), agent(E9S21-return, A7S21-decomposer), isa(A7S21-decomposer, "decomposers"), object(E9S21-return, A10S21-nutrient), isa(A10S21-nutrient, "nutrients"), to(E9S21-return, A14S21-chain), isa(A14S21-chain, "the food chain") -> purpose(A7S21-decomposer, E9S21-return).


% ("decomposers" "return" "nutrients" [ "to the food chain" ] )	"When"/WHEN	("plants" "die" "")

@prefix  rdf: <http://www.w3.org/1999/02/22-rdf-syntax-ns#> .
@prefix  rel: <http://aristo.allenai.org/rel/> .
@prefix pred: <http://aristo.allenai.org/pred/> .

# Named toplevel resources (4)

<http://aristo.allenai.org/id#ie-target/21_10>
	a <entity> ;
	pred:isa "\"nutrients\"" .

<http://aristo.allenai.org/id#ie-target/21_14>
	pred:isa "\"the food chain\"" .

<http://aristo.allenai.org/id#ie-target/21_7>
	a <entity> ;
	pred:isa "\"decomposers\"" .

<http://aristo.allenai.org/id#ie-target/21_9>
	a <event> ;
	pred:agent <http://aristo.allenai.org/id#ie-target/21_7> ;
	pred:isa "\"return\"" ;
	pred:object <http://aristo.allenai.org/id#ie-target/21_10> ;
	pred:to <http://aristo.allenai.org/id#ie-target/21_14> ;
	rel:when <http://aristo.allenai.org/id#ie-target/21_5> .

@prefix  rdf: <http://www.w3.org/1999/02/22-rdf-syntax-ns#> .
@prefix pred: <http://aristo.allenai.org/pred/> .

# Named toplevel resources (2)

<http://aristo.allenai.org/id#ie-target/21_2>
	a <entity> ;
	pred:isa "\"plants\"" .

<http://aristo.allenai.org/id#ie-target/21_5>
	a <event> ;
	pred:agent <http://aristo.allenai.org/id#ie-target/21_2> ;
	pred:isa "\"die\"" .
english(ie-target.rule58, "When plants and animals die decomposers help return nutrients to the food chain").
pretty(ie-target.rule58, "WHEN(return(Decomposer, Nutrient, to(Chain)), die(Plant)), Decomposer = 'decomposers', Nutrient = 'nutrients', Chain = 'the food chain', Plant = 'plants'.").
ie-target.rule58:: isa(E9S21-return, "return"), agent(E9S21-return, A7S21-decomposer), isa(A7S21-decomposer, "decomposers"), object(E9S21-return, A10S21-nutrient), isa(A10S21-nutrient, "nutrients"), to(E9S21-return, A14S21-chain), isa(A14S21-chain, "the food chain") -> when(E9S21-return, E5S21-die), isa(E5S21-die, "die"), agent(E5S21-die, A2S21-plant), isa(A2S21-plant, "plants").
english(ie-target.rule59, "When plants and animals die decomposers help return nutrients to the food chain").
pretty(ie-target.rule59, "WHEN(return(Decomposer, Nutrient, to(Chain)), die(Plant)), Decomposer = 'decomposers', Nutrient = 'nutrients', Chain = 'the food chain', Plant = 'plants'.").
ie-target.rule59:: isa(E5S21-die, "die"), agent(E5S21-die, A2S21-plant), isa(A2S21-plant, "plants") -> when(E9S21-return, E5S21-die), isa(E9S21-return, "return"), agent(E9S21-return, A7S21-decomposer), isa(A7S21-decomposer, "decomposers"), object(E9S21-return, A10S21-nutrient), isa(A10S21-nutrient, "nutrients"), to(E9S21-return, A14S21-chain), isa(A14S21-chain, "the food chain").


% ("decomposers" "return" "nutrients" [ "to the food chain" ] )	"When"/WHEN	("animals" "die" "")

@prefix  rdf: <http://www.w3.org/1999/02/22-rdf-syntax-ns#> .
@prefix  rel: <http://aristo.allenai.org/rel/> .
@prefix pred: <http://aristo.allenai.org/pred/> .

# Named toplevel resources (4)

<http://aristo.allenai.org/id#ie-target/21_10>
	a <entity> ;
	pred:isa "\"nutrients\"" .

<http://aristo.allenai.org/id#ie-target/21_14>
	pred:isa "\"the food chain\"" .

<http://aristo.allenai.org/id#ie-target/21_7>
	a <entity> ;
	pred:isa "\"decomposers\"" .

<http://aristo.allenai.org/id#ie-target/21_9>
	a <event> ;
	pred:agent <http://aristo.allenai.org/id#ie-target/21_7> ;
	pred:isa "\"return\"" ;
	pred:object <http://aristo.allenai.org/id#ie-target/21_10> ;
	pred:to <http://aristo.allenai.org/id#ie-target/21_14> ;
	rel:when <http://aristo.allenai.org/id#ie-target/21_5> .

@prefix  rdf: <http://www.w3.org/1999/02/22-rdf-syntax-ns#> .
@prefix pred: <http://aristo.allenai.org/pred/> .

# Named toplevel resources (2)

<http://aristo.allenai.org/id#ie-target/21_4>
	a <entity> ;
	pred:isa "\"animals\"" .

<http://aristo.allenai.org/id#ie-target/21_5>
	a <event> ;
	pred:agent <http://aristo.allenai.org/id#ie-target/21_4> ;
	pred:isa "\"die\"" .
english(ie-target.rule60, "When plants and animals die decomposers help return nutrients to the food chain").
pretty(ie-target.rule60, "WHEN(return(Decomposer, Nutrient, to(Chain)), die(Animal)), Decomposer = 'decomposers', Nutrient = 'nutrients', Chain = 'the food chain', Animal = 'animals'.").
ie-target.rule60:: isa(E9S21-return, "return"), agent(E9S21-return, A7S21-decomposer), isa(A7S21-decomposer, "decomposers"), object(E9S21-return, A10S21-nutrient), isa(A10S21-nutrient, "nutrients"), to(E9S21-return, A14S21-chain), isa(A14S21-chain, "the food chain") -> when(E9S21-return, E5S21-die), isa(E5S21-die, "die"), agent(E5S21-die, A4S21-animal), isa(A4S21-animal, "animals").
english(ie-target.rule61, "When plants and animals die decomposers help return nutrients to the food chain").
pretty(ie-target.rule61, "WHEN(return(Decomposer, Nutrient, to(Chain)), die(Animal)), Decomposer = 'decomposers', Nutrient = 'nutrients', Chain = 'the food chain', Animal = 'animals'.").
ie-target.rule61:: isa(E5S21-die, "die"), agent(E5S21-die, A4S21-animal), isa(A4S21-animal, "animals") -> when(E9S21-return, E5S21-die), isa(E9S21-return, "return"), agent(E9S21-return, A7S21-decomposer), isa(A7S21-decomposer, "decomposers"), object(E9S21-return, A10S21-nutrient), isa(A10S21-nutrient, "nutrients"), to(E9S21-return, A14S21-chain), isa(A14S21-chain, "the food chain").


% "Gravity"	"causes"/CAUSE	("the ball" "fall" "" [ "to the ground" ] )

@prefix  rdf: <http://www.w3.org/1999/02/22-rdf-syntax-ns#> .
@prefix  rel: <http://aristo.allenai.org/rel/> .
@prefix pred: <http://aristo.allenai.org/pred/> .

# Named toplevel resources (1)

<http://aristo.allenai.org/id#ie-target/22_1>
	a <entity> ;
	pred:isa "\"Gravity\"" ;
	rel:cause <http://aristo.allenai.org/id#ie-target/22_6> .

@prefix  rdf: <http://www.w3.org/1999/02/22-rdf-syntax-ns#> .
@prefix pred: <http://aristo.allenai.org/pred/> .

# Named toplevel resources (3)

<http://aristo.allenai.org/id#ie-target/22_4>
	a <entity> ;
	pred:isa "\"the ball\"" .

<http://aristo.allenai.org/id#ie-target/22_6>
	a <event> ;
	pred:agent <http://aristo.allenai.org/id#ie-target/22_4> ;
	pred:isa "\"fall\"" ;
	pred:to <http://aristo.allenai.org/id#ie-target/22_9> .

<http://aristo.allenai.org/id#ie-target/22_9>
	pred:isa "\"the ground\"" .
english(ie-target.rule62, "Gravity causes the ball to fall to the ground").
pretty(ie-target.rule62, "CAUSE(Gravity, fall(Ball, to(Ground))), Gravity = 'Gravity', Ball = 'the ball', Ground = 'the ground'.").
ie-target.rule62:: isa(A1S22-gravity, "Gravity") -> cause(A1S22-gravity, E6S22-fall), isa(E6S22-fall, "fall"), agent(E6S22-fall, A4S22-ball), isa(A4S22-ball, "the ball"), to(E6S22-fall, A9S22-ground), isa(A9S22-ground, "the ground").
english(ie-target.rule63, "Gravity causes the ball to fall to the ground").
pretty(ie-target.rule63, "CAUSE(Gravity, fall(Ball, to(Ground))), Gravity = 'Gravity', Ball = 'the ball', Ground = 'the ground'.").
ie-target.rule63:: isa(E6S22-fall, "fall"), agent(E6S22-fall, A4S22-ball), isa(A4S22-ball, "the ball"), to(E6S22-fall, A9S22-ground), isa(A9S22-ground, "the ground") -> cause(A1S22-gravity, E6S22-fall), isa(A1S22-gravity, "Gravity").


